DEBUG 2020-05-05 12:30:03,262 :: Running..
DEBUG 2020-05-05 12:35:03,326 :: Running..
DEBUG 2020-05-05 12:35:03,329 :: wifi:0 sat:1
DEBUG 2020-05-05 12:36:34,444 :: Running..
DEBUG 2020-05-05 12:36:34,445 :: wifi:0 sat:1
DEBUG 2020-05-05 13:00:04,117 :: Running..
DEBUG 2020-05-05 13:00:04,132 :: wifi:0 sat:0
DEBUG 2020-05-05 14:00:04,698 :: Running..
DEBUG 2020-05-05 14:00:04,700 :: wifi:0 sat:0
DEBUG 2020-05-05 17:00:02,634 :: Running..
DEBUG 2020-05-05 17:00:02,638 :: wifi:0 sat:0
DEBUG 2020-05-06 14:00:03,440 :: Running..
DEBUG 2020-05-06 14:00:03,444 :: wifi:0 sat:0
DEBUG 2020-05-06 15:00:02,536 :: Running..
DEBUG 2020-05-06 15:00:02,540 :: wifi:0 sat:0
DEBUG 2020-05-06 16:00:03,362 :: Running..
DEBUG 2020-05-06 16:00:03,365 :: wifi:0 sat:1
DEBUG 2020-05-06 16:00:03,378 :: Time difference:
DEBUG 2020-05-06 16:00:03,379 :: 54.417604965833334
DEBUG 2020-05-11 14:00:02,643 :: Running..
DEBUG 2020-05-11 14:00:02,644 :: wifi:0 sat:0
DEBUG 2020-05-11 15:00:02,778 :: Running..
DEBUG 2020-05-11 15:00:02,782 :: wifi:0 sat:0
DEBUG 2020-05-11 16:00:02,465 :: Running..
DEBUG 2020-05-11 16:00:02,466 :: wifi:0 sat:0
DEBUG 2020-05-11 17:00:03,240 :: Running..
DEBUG 2020-05-11 17:00:03,241 :: wifi:0 sat:0
DEBUG 2020-05-11 18:00:03,005 :: Running..
DEBUG 2020-05-11 18:00:03,005 :: wifi:0 sat:0
DEBUG 2020-05-11 19:00:02,690 :: Running..
DEBUG 2020-05-11 19:00:02,690 :: wifi:0 sat:0
DEBUG 2020-05-11 20:00:02,534 :: Running..
DEBUG 2020-05-11 20:00:02,534 :: wifi:0 sat:0
DEBUG 2020-05-11 21:00:03,437 :: Running..
DEBUG 2020-05-11 21:00:03,437 :: wifi:0 sat:0
DEBUG 2020-05-11 22:00:03,356 :: Running..
DEBUG 2020-05-11 22:00:03,357 :: wifi:0 sat:0
DEBUG 2020-05-11 23:00:03,326 :: Running..
DEBUG 2020-05-11 23:00:03,327 :: wifi:0 sat:0
DEBUG 2020-05-12 00:00:03,279 :: Running..
DEBUG 2020-05-12 00:00:03,279 :: wifi:0 sat:0
DEBUG 2020-05-12 01:00:03,290 :: Running..
DEBUG 2020-05-12 01:00:03,290 :: wifi:0 sat:0
DEBUG 2020-05-12 02:00:03,311 :: Running..
DEBUG 2020-05-12 02:00:03,312 :: wifi:0 sat:0
DEBUG 2020-05-12 03:00:03,376 :: Running..
DEBUG 2020-05-12 03:00:03,376 :: wifi:0 sat:0
DEBUG 2020-05-12 04:00:03,522 :: Running..
DEBUG 2020-05-12 04:00:03,523 :: wifi:0 sat:0
DEBUG 2020-05-12 05:00:03,730 :: Running..
DEBUG 2020-05-12 05:00:03,730 :: wifi:0 sat:0
DEBUG 2020-05-12 06:00:03,028 :: Running..
DEBUG 2020-05-12 06:00:03,029 :: wifi:0 sat:0
DEBUG 2020-05-12 07:00:02,863 :: Running..
DEBUG 2020-05-12 07:00:02,865 :: wifi:0 sat:0
DEBUG 2020-05-12 08:00:03,343 :: Running..
DEBUG 2020-05-12 08:00:03,343 :: wifi:0 sat:0
DEBUG 2020-05-12 09:00:03,847 :: Running..
DEBUG 2020-05-12 09:00:03,849 :: wifi:0 sat:0
DEBUG 2020-05-12 10:00:03,952 :: Running..
DEBUG 2020-05-12 10:00:03,953 :: wifi:0 sat:0
DEBUG 2020-05-12 11:00:03,276 :: Running..
DEBUG 2020-05-12 11:00:03,276 :: wifi:0 sat:0
DEBUG 2020-05-12 12:00:04,088 :: Running..
DEBUG 2020-05-12 12:00:04,090 :: wifi:0 sat:0
DEBUG 2020-05-12 13:00:03,750 :: Running..
DEBUG 2020-05-12 13:00:03,750 :: wifi:0 sat:0
DEBUG 2020-05-12 14:00:03,339 :: Running..
DEBUG 2020-05-12 14:00:03,341 :: wifi:0 sat:0
DEBUG 2020-05-12 15:00:04,389 :: Running..
DEBUG 2020-05-12 15:00:04,391 :: wifi:0 sat:0
DEBUG 2020-05-12 16:00:04,139 :: Running..
DEBUG 2020-05-12 16:00:04,139 :: wifi:0 sat:0
DEBUG 2020-05-12 17:00:03,810 :: Running..
DEBUG 2020-05-12 17:00:03,811 :: wifi:0 sat:0
DEBUG 2020-05-12 18:00:03,623 :: Running..
DEBUG 2020-05-12 18:00:03,624 :: wifi:0 sat:0
DEBUG 2020-05-12 19:00:03,502 :: Running..
DEBUG 2020-05-12 19:00:03,503 :: wifi:0 sat:0
DEBUG 2020-05-12 20:00:03,461 :: Running..
DEBUG 2020-05-12 20:00:03,463 :: wifi:0 sat:0
DEBUG 2020-05-12 21:00:03,591 :: Running..
DEBUG 2020-05-12 21:00:03,592 :: wifi:0 sat:0
DEBUG 2020-05-12 22:00:03,844 :: Running..
DEBUG 2020-05-12 22:00:03,846 :: wifi:0 sat:0
DEBUG 2020-05-12 23:00:04,327 :: Running..
DEBUG 2020-05-12 23:00:04,327 :: wifi:0 sat:0
DEBUG 2020-05-13 00:00:04,025 :: Running..
DEBUG 2020-05-13 00:00:04,026 :: wifi:0 sat:0
DEBUG 2020-05-13 01:00:05,023 :: Running..
DEBUG 2020-05-13 01:00:05,023 :: wifi:0 sat:0
DEBUG 2020-05-13 02:00:04,937 :: Running..
DEBUG 2020-05-13 02:00:04,937 :: wifi:0 sat:0
DEBUG 2020-05-13 03:00:04,916 :: Running..
DEBUG 2020-05-13 03:00:04,918 :: wifi:0 sat:0
DEBUG 2020-05-13 04:00:04,899 :: Running..
DEBUG 2020-05-13 04:00:04,901 :: wifi:0 sat:0
DEBUG 2020-05-13 05:00:04,664 :: Running..
DEBUG 2020-05-13 05:00:04,665 :: wifi:0 sat:0
DEBUG 2020-05-13 06:00:04,546 :: Running..
DEBUG 2020-05-13 06:00:04,548 :: wifi:0 sat:0
DEBUG 2020-05-13 07:00:03,148 :: Running..
DEBUG 2020-05-13 07:00:03,148 :: wifi:0 sat:0
DEBUG 2020-05-13 08:00:02,861 :: Running..
DEBUG 2020-05-13 08:00:02,861 :: wifi:0 sat:0
DEBUG 2020-05-13 09:00:02,579 :: Running..
DEBUG 2020-05-13 09:00:02,580 :: wifi:0 sat:0
DEBUG 2020-05-13 10:00:02,858 :: Running..
DEBUG 2020-05-13 10:00:02,858 :: wifi:0 sat:0
DEBUG 2020-05-13 11:00:02,570 :: Running..
DEBUG 2020-05-13 11:00:02,570 :: wifi:0 sat:0
DEBUG 2020-05-13 12:00:03,603 :: Running..
DEBUG 2020-05-13 12:00:03,603 :: wifi:0 sat:0
DEBUG 2020-05-13 13:00:03,165 :: Running..
DEBUG 2020-05-13 13:00:03,169 :: wifi:0 sat:0
DEBUG 2020-05-13 14:00:03,367 :: Running..
DEBUG 2020-05-13 14:00:03,371 :: wifi:0 sat:0
DEBUG 2020-05-13 15:00:04,044 :: Running..
DEBUG 2020-05-13 15:00:04,046 :: wifi:0 sat:0
DEBUG 2020-05-18 13:00:02,914 :: Running..
DEBUG 2020-05-18 13:00:02,916 :: wifi:0 sat:0
DEBUG 2020-05-18 14:00:03,500 :: Running..
DEBUG 2020-05-18 14:00:03,510 :: wifi:0 sat:0
DEBUG 2020-05-21 15:00:02,879 :: Running..
DEBUG 2020-05-21 15:00:02,880 :: wifi:0 sat:0
DEBUG 2020-05-21 16:00:03,303 :: Running..
DEBUG 2020-05-21 16:00:03,307 :: wifi:0 sat:0
DEBUG 2020-05-21 17:00:03,019 :: Running..
DEBUG 2020-05-21 17:00:03,019 :: wifi:0 sat:0
DEBUG 2020-05-21 18:00:03,263 :: Running..
DEBUG 2020-05-21 18:00:03,267 :: wifi:0 sat:0
DEBUG 2020-05-21 19:00:02,998 :: Running..
DEBUG 2020-05-21 19:00:02,998 :: wifi:0 sat:0
DEBUG 2020-05-21 20:00:02,792 :: Running..
DEBUG 2020-05-21 20:00:02,793 :: wifi:0 sat:0
DEBUG 2020-05-21 21:00:02,616 :: Running..
DEBUG 2020-05-21 21:00:02,617 :: wifi:0 sat:0
DEBUG 2020-05-21 22:00:03,297 :: Running..
DEBUG 2020-05-21 22:00:03,298 :: wifi:0 sat:0
DEBUG 2020-05-21 23:00:02,999 :: Running..
DEBUG 2020-05-21 23:00:02,999 :: wifi:0 sat:0
DEBUG 2020-05-22 00:00:02,769 :: Running..
DEBUG 2020-05-22 00:00:02,769 :: wifi:0 sat:0
DEBUG 2020-05-22 01:00:02,686 :: Running..
DEBUG 2020-05-22 01:00:02,686 :: wifi:0 sat:0
DEBUG 2020-05-22 02:00:02,594 :: Running..
DEBUG 2020-05-22 02:00:02,595 :: wifi:0 sat:0
DEBUG 2020-05-22 03:00:03,365 :: Running..
DEBUG 2020-05-22 03:00:03,366 :: wifi:0 sat:0
DEBUG 2020-05-22 04:00:03,159 :: Running..
DEBUG 2020-05-22 04:00:03,160 :: wifi:0 sat:0
DEBUG 2020-05-22 05:00:03,013 :: Running..
DEBUG 2020-05-22 05:00:03,013 :: wifi:0 sat:0
DEBUG 2020-05-22 06:00:02,988 :: Running..
DEBUG 2020-05-22 06:00:02,989 :: wifi:0 sat:0
DEBUG 2020-05-22 07:00:02,723 :: Running..
DEBUG 2020-05-22 07:00:02,723 :: wifi:0 sat:0
DEBUG 2020-05-22 08:00:02,822 :: Running..
DEBUG 2020-05-22 08:00:02,823 :: wifi:0 sat:0
DEBUG 2020-05-22 09:00:02,846 :: Running..
DEBUG 2020-05-22 09:00:02,846 :: wifi:0 sat:0
DEBUG 2020-05-22 10:00:02,990 :: Running..
DEBUG 2020-05-22 10:00:02,992 :: wifi:0 sat:0
DEBUG 2020-05-22 11:00:03,121 :: Running..
DEBUG 2020-05-22 11:00:03,121 :: wifi:0 sat:0
DEBUG 2020-05-22 12:00:03,128 :: Running..
DEBUG 2020-05-22 12:00:03,128 :: wifi:0 sat:0
DEBUG 2020-05-22 13:00:03,239 :: Running..
DEBUG 2020-05-22 13:00:03,239 :: wifi:0 sat:0
DEBUG 2020-05-22 14:00:03,283 :: Running..
DEBUG 2020-05-22 14:00:03,284 :: wifi:0 sat:0
DEBUG 2020-05-22 15:00:03,301 :: Running..
DEBUG 2020-05-22 15:00:03,301 :: wifi:0 sat:0
DEBUG 2020-05-22 16:00:03,321 :: Running..
DEBUG 2020-05-22 16:00:03,322 :: wifi:0 sat:0
DEBUG 2020-05-22 17:00:03,368 :: Running..
DEBUG 2020-05-22 17:00:03,368 :: wifi:0 sat:0
DEBUG 2020-05-22 18:00:03,007 :: Running..
DEBUG 2020-05-22 18:00:03,008 :: wifi:0 sat:0
DEBUG 2020-05-22 19:00:03,486 :: Running..
DEBUG 2020-05-22 19:00:03,486 :: wifi:0 sat:0
DEBUG 2020-05-22 20:00:03,566 :: Running..
DEBUG 2020-05-22 20:00:03,567 :: wifi:0 sat:0
DEBUG 2020-05-22 21:00:03,639 :: Running..
DEBUG 2020-05-22 21:00:03,640 :: wifi:0 sat:0
DEBUG 2020-05-22 22:00:03,237 :: Running..
DEBUG 2020-05-22 22:00:03,237 :: wifi:0 sat:0
DEBUG 2020-05-22 23:00:03,527 :: Running..
DEBUG 2020-05-22 23:00:03,527 :: wifi:0 sat:0
DEBUG 2020-05-23 00:00:03,671 :: Running..
DEBUG 2020-05-23 00:00:03,671 :: wifi:0 sat:0
DEBUG 2020-05-23 01:00:03,331 :: Running..
DEBUG 2020-05-23 01:00:03,331 :: wifi:0 sat:0
DEBUG 2020-05-23 02:00:03,620 :: Running..
DEBUG 2020-05-23 02:00:03,620 :: wifi:0 sat:0
DEBUG 2020-05-23 03:00:03,753 :: Running..
DEBUG 2020-05-23 03:00:03,754 :: wifi:0 sat:0
DEBUG 2020-05-23 04:00:03,506 :: Running..
DEBUG 2020-05-23 04:00:03,507 :: wifi:0 sat:0
DEBUG 2020-05-23 05:00:03,814 :: Running..
DEBUG 2020-05-23 05:00:03,815 :: wifi:0 sat:0
DEBUG 2020-05-23 06:00:03,624 :: Running..
DEBUG 2020-05-23 06:00:03,625 :: wifi:0 sat:0
DEBUG 2020-05-23 07:00:03,349 :: Running..
DEBUG 2020-05-23 07:00:03,350 :: wifi:0 sat:0
DEBUG 2020-05-23 08:00:03,387 :: Running..
DEBUG 2020-05-23 08:00:03,387 :: wifi:0 sat:0
DEBUG 2020-05-23 09:00:03,867 :: Running..
DEBUG 2020-05-23 09:00:03,868 :: wifi:0 sat:0
DEBUG 2020-05-23 10:00:02,954 :: Running..
DEBUG 2020-05-23 10:00:02,954 :: wifi:0 sat:0
DEBUG 2020-05-23 11:00:02,698 :: Running..
DEBUG 2020-05-23 11:00:02,698 :: wifi:0 sat:0
DEBUG 2020-05-23 12:00:02,458 :: Running..
DEBUG 2020-05-23 12:00:02,459 :: wifi:0 sat:0
DEBUG 2020-05-23 13:00:03,236 :: Running..
DEBUG 2020-05-23 13:00:03,236 :: wifi:0 sat:0
DEBUG 2020-05-23 14:00:03,038 :: Running..
DEBUG 2020-05-23 14:00:03,039 :: wifi:0 sat:0
DEBUG 2020-05-23 15:00:02,782 :: Running..
DEBUG 2020-05-23 15:00:02,786 :: wifi:0 sat:0
DEBUG 2020-05-23 16:00:02,539 :: Running..
DEBUG 2020-05-23 16:00:02,540 :: wifi:0 sat:0
DEBUG 2020-05-23 17:00:03,184 :: Running..
DEBUG 2020-05-23 17:00:03,184 :: wifi:0 sat:0
DEBUG 2020-05-23 18:00:02,962 :: Running..
DEBUG 2020-05-23 18:00:02,962 :: wifi:0 sat:0
DEBUG 2020-05-23 19:00:02,649 :: Running..
DEBUG 2020-05-23 19:00:02,649 :: wifi:0 sat:0
DEBUG 2020-05-23 20:00:03,386 :: Running..
DEBUG 2020-05-23 20:00:03,387 :: wifi:0 sat:0
DEBUG 2020-05-23 21:00:03,120 :: Running..
DEBUG 2020-05-23 21:00:03,120 :: wifi:0 sat:0
DEBUG 2020-05-23 22:00:02,877 :: Running..
DEBUG 2020-05-23 22:00:02,877 :: wifi:0 sat:0
DEBUG 2020-05-23 23:00:02,612 :: Running..
DEBUG 2020-05-23 23:00:02,612 :: wifi:0 sat:0
DEBUG 2020-05-24 00:00:03,470 :: Running..
DEBUG 2020-05-24 00:00:03,470 :: wifi:0 sat:0
DEBUG 2020-05-24 01:00:03,263 :: Running..
DEBUG 2020-05-24 01:00:03,264 :: wifi:0 sat:0
DEBUG 2020-05-24 02:00:03,025 :: Running..
DEBUG 2020-05-24 02:00:03,026 :: wifi:0 sat:0
DEBUG 2020-05-24 03:00:02,776 :: Running..
DEBUG 2020-05-24 03:00:02,776 :: wifi:0 sat:0
DEBUG 2020-05-24 04:00:02,534 :: Running..
DEBUG 2020-05-24 04:00:02,535 :: wifi:0 sat:0
DEBUG 2020-05-24 05:00:03,288 :: Running..
DEBUG 2020-05-24 05:00:03,288 :: wifi:0 sat:0
DEBUG 2020-05-24 06:00:03,054 :: Running..
DEBUG 2020-05-24 06:00:03,055 :: wifi:0 sat:0
DEBUG 2020-05-24 07:00:02,490 :: Running..
DEBUG 2020-05-24 07:00:02,490 :: wifi:0 sat:0
DEBUG 2020-05-24 08:00:03,254 :: Running..
DEBUG 2020-05-24 08:00:03,254 :: wifi:0 sat:0
DEBUG 2020-05-24 09:00:02,985 :: Running..
DEBUG 2020-05-24 09:00:02,985 :: wifi:0 sat:0
DEBUG 2020-05-24 10:00:02,720 :: Running..
DEBUG 2020-05-24 10:00:02,720 :: wifi:0 sat:0
DEBUG 2020-05-24 11:00:03,082 :: Running..
DEBUG 2020-05-24 11:00:03,082 :: wifi:0 sat:0
DEBUG 2020-05-24 12:00:03,368 :: Running..
DEBUG 2020-05-24 12:00:03,372 :: wifi:0 sat:0
DEBUG 2020-05-24 13:00:03,288 :: Running..
DEBUG 2020-05-24 13:00:03,292 :: wifi:0 sat:0
DEBUG 2020-05-24 14:00:03,038 :: Running..
DEBUG 2020-05-24 14:00:03,039 :: wifi:0 sat:0
DEBUG 2020-05-24 15:00:02,712 :: Running..
DEBUG 2020-05-24 15:00:02,712 :: wifi:0 sat:0
DEBUG 2020-05-24 16:00:03,336 :: Running..
DEBUG 2020-05-24 16:00:03,336 :: wifi:0 sat:0
DEBUG 2020-05-24 17:00:03,028 :: Running..
DEBUG 2020-05-24 17:00:03,029 :: wifi:0 sat:0
DEBUG 2020-05-24 18:00:02,664 :: Running..
DEBUG 2020-05-24 18:00:02,664 :: wifi:0 sat:0
DEBUG 2020-05-24 19:00:03,335 :: Running..
DEBUG 2020-05-24 19:00:03,337 :: wifi:0 sat:0
DEBUG 2020-05-24 20:00:03,141 :: Running..
DEBUG 2020-05-24 20:00:03,141 :: wifi:0 sat:0
DEBUG 2020-05-24 21:00:02,952 :: Running..
DEBUG 2020-05-24 21:00:02,956 :: wifi:0 sat:0
DEBUG 2020-05-24 22:00:02,673 :: Running..
DEBUG 2020-05-24 22:00:02,673 :: wifi:0 sat:0
DEBUG 2020-05-24 23:00:03,360 :: Running..
DEBUG 2020-05-24 23:00:03,362 :: wifi:0 sat:0
DEBUG 2020-05-25 00:00:03,182 :: Running..
DEBUG 2020-05-25 00:00:03,182 :: wifi:0 sat:0
DEBUG 2020-05-25 01:00:03,042 :: Running..
DEBUG 2020-05-25 01:00:03,043 :: wifi:0 sat:0
DEBUG 2020-05-25 02:00:02,764 :: Running..
DEBUG 2020-05-25 02:00:02,765 :: wifi:0 sat:0
DEBUG 2020-05-25 03:00:02,550 :: Running..
DEBUG 2020-05-25 03:00:02,550 :: wifi:0 sat:0
DEBUG 2020-05-25 04:00:03,341 :: Running..
DEBUG 2020-05-25 04:00:03,343 :: wifi:0 sat:0
DEBUG 2020-05-25 05:00:03,333 :: Running..
DEBUG 2020-05-25 05:00:03,333 :: wifi:0 sat:0
DEBUG 2020-05-25 06:00:03,419 :: Running..
DEBUG 2020-05-25 06:00:03,421 :: wifi:0 sat:0
DEBUG 2020-05-25 07:00:02,884 :: Running..
DEBUG 2020-05-25 07:00:02,884 :: wifi:0 sat:0
DEBUG 2020-05-25 08:00:02,542 :: Running..
DEBUG 2020-05-25 08:00:02,542 :: wifi:0 sat:0
DEBUG 2020-05-25 09:00:03,206 :: Running..
DEBUG 2020-05-25 09:00:03,206 :: wifi:0 sat:0
DEBUG 2020-05-25 10:00:02,890 :: Running..
DEBUG 2020-05-25 10:00:02,891 :: wifi:0 sat:0
DEBUG 2020-05-25 11:00:03,394 :: Running..
DEBUG 2020-05-25 11:00:03,398 :: wifi:0 sat:0
DEBUG 2020-05-25 12:00:03,077 :: Running..
DEBUG 2020-05-25 12:00:03,078 :: wifi:0 sat:0
DEBUG 2020-05-25 13:00:02,806 :: Running..
DEBUG 2020-05-25 13:00:02,806 :: wifi:0 sat:0
DEBUG 2020-05-25 14:00:02,520 :: Running..
DEBUG 2020-05-25 14:00:02,521 :: wifi:0 sat:0
DEBUG 2020-05-25 15:00:03,228 :: Running..
DEBUG 2020-05-25 15:00:03,228 :: wifi:0 sat:0
DEBUG 2020-05-25 16:00:02,882 :: Running..
DEBUG 2020-05-25 16:00:02,883 :: wifi:0 sat:0
DEBUG 2020-05-25 17:00:02,719 :: Running..
DEBUG 2020-05-25 17:00:02,719 :: wifi:0 sat:0
DEBUG 2020-05-25 18:00:02,558 :: Running..
DEBUG 2020-05-25 18:00:02,558 :: wifi:0 sat:0
DEBUG 2020-05-25 19:00:03,340 :: Running..
DEBUG 2020-05-25 19:00:03,340 :: wifi:0 sat:0
DEBUG 2020-05-25 20:00:03,103 :: Running..
DEBUG 2020-05-25 20:00:03,104 :: wifi:0 sat:0
DEBUG 2020-05-25 21:00:02,901 :: Running..
DEBUG 2020-05-25 21:00:02,901 :: wifi:0 sat:0
DEBUG 2020-05-25 22:00:02,839 :: Running..
DEBUG 2020-05-25 22:00:02,839 :: wifi:0 sat:0
DEBUG 2020-05-25 23:00:03,263 :: Running..
DEBUG 2020-05-25 23:00:03,264 :: wifi:0 sat:0
DEBUG 2020-05-26 00:00:03,160 :: Running..
DEBUG 2020-05-26 00:00:03,160 :: wifi:0 sat:0
DEBUG 2020-05-26 01:00:03,047 :: Running..
DEBUG 2020-05-26 01:00:03,047 :: wifi:0 sat:0
DEBUG 2020-05-26 02:00:03,072 :: Running..
DEBUG 2020-05-26 02:00:03,072 :: wifi:0 sat:0
DEBUG 2020-05-26 03:00:03,071 :: Running..
DEBUG 2020-05-26 03:00:03,071 :: wifi:0 sat:0
DEBUG 2020-05-26 04:00:03,101 :: Running..
DEBUG 2020-05-26 04:00:03,101 :: wifi:0 sat:0
DEBUG 2020-05-26 05:00:03,146 :: Running..
DEBUG 2020-05-26 05:00:03,148 :: wifi:0 sat:0
DEBUG 2020-05-26 06:00:03,213 :: Running..
DEBUG 2020-05-26 06:00:03,213 :: wifi:0 sat:0
DEBUG 2020-05-26 07:00:03,106 :: Running..
DEBUG 2020-05-26 07:00:03,107 :: wifi:0 sat:0
DEBUG 2020-05-26 08:00:03,201 :: Running..
DEBUG 2020-05-26 08:00:03,201 :: wifi:0 sat:0
DEBUG 2020-05-26 09:00:03,361 :: Running..
DEBUG 2020-05-26 09:00:03,361 :: wifi:0 sat:0
DEBUG 2020-05-26 10:00:03,092 :: Running..
DEBUG 2020-05-26 10:00:03,094 :: wifi:0 sat:0
DEBUG 2020-05-26 11:00:02,857 :: Running..
DEBUG 2020-05-26 11:00:02,861 :: wifi:0 sat:0
DEBUG 2020-05-26 12:00:02,585 :: Running..
DEBUG 2020-05-26 12:00:02,585 :: wifi:0 sat:0
DEBUG 2020-05-26 13:00:03,235 :: Running..
DEBUG 2020-05-26 13:00:03,235 :: wifi:0 sat:0
DEBUG 2020-05-26 14:00:03,021 :: Running..
DEBUG 2020-05-26 14:00:03,022 :: wifi:0 sat:0
DEBUG 2020-05-26 15:00:02,695 :: Running..
DEBUG 2020-05-26 15:00:02,696 :: wifi:0 sat:0
DEBUG 2020-05-26 16:00:03,337 :: Running..
DEBUG 2020-05-26 16:00:03,338 :: wifi:0 sat:0
DEBUG 2020-05-26 17:00:03,091 :: Running..
DEBUG 2020-05-26 17:00:03,092 :: wifi:0 sat:0
DEBUG 2020-05-26 18:00:02,780 :: Running..
DEBUG 2020-05-26 18:00:02,780 :: wifi:0 sat:0
DEBUG 2020-05-26 19:00:02,470 :: Running..
DEBUG 2020-05-26 19:00:02,470 :: wifi:0 sat:0
DEBUG 2020-05-26 20:00:03,254 :: Running..
DEBUG 2020-05-26 20:00:03,255 :: wifi:0 sat:0
DEBUG 2020-05-26 21:00:03,111 :: Running..
DEBUG 2020-05-26 21:00:03,111 :: wifi:0 sat:0
DEBUG 2020-05-26 22:00:02,932 :: Running..
DEBUG 2020-05-26 22:00:02,933 :: wifi:0 sat:0
DEBUG 2020-05-26 23:00:02,638 :: Running..
DEBUG 2020-05-26 23:00:02,638 :: wifi:0 sat:0
DEBUG 2020-05-27 00:00:03,530 :: Running..
DEBUG 2020-05-27 00:00:03,531 :: wifi:0 sat:0
DEBUG 2020-05-27 01:00:03,359 :: Running..
DEBUG 2020-05-27 01:00:03,360 :: wifi:0 sat:0
DEBUG 2020-05-27 02:00:03,320 :: Running..
DEBUG 2020-05-27 02:00:03,322 :: wifi:0 sat:0
DEBUG 2020-05-27 03:00:03,271 :: Running..
DEBUG 2020-05-27 03:00:03,272 :: wifi:0 sat:0
DEBUG 2020-05-27 04:00:03,278 :: Running..
DEBUG 2020-05-27 04:00:03,279 :: wifi:0 sat:0
DEBUG 2020-05-27 05:00:03,352 :: Running..
DEBUG 2020-05-27 05:00:03,354 :: wifi:0 sat:0
DEBUG 2020-05-27 06:00:03,421 :: Running..
DEBUG 2020-05-27 06:00:03,423 :: wifi:0 sat:0
DEBUG 2020-05-27 07:00:02,938 :: Running..
DEBUG 2020-05-27 07:00:02,938 :: wifi:0 sat:0
DEBUG 2020-05-27 08:00:02,743 :: Running..
DEBUG 2020-05-27 08:00:02,744 :: wifi:0 sat:0
DEBUG 2020-05-27 09:00:02,535 :: Running..
DEBUG 2020-05-27 09:00:02,538 :: wifi:0 sat:0
DEBUG 2020-05-27 10:00:03,292 :: Running..
DEBUG 2020-05-27 10:00:03,293 :: wifi:0 sat:0
DEBUG 2020-05-27 11:00:03,059 :: Running..
DEBUG 2020-05-27 11:00:03,060 :: wifi:0 sat:0
DEBUG 2020-05-27 12:00:02,817 :: Running..
DEBUG 2020-05-27 12:00:02,817 :: wifi:0 sat:0
DEBUG 2020-05-27 13:00:02,509 :: Running..
DEBUG 2020-05-27 13:00:02,509 :: wifi:0 sat:0
DEBUG 2020-05-27 14:00:03,245 :: Running..
DEBUG 2020-05-27 14:00:03,246 :: wifi:0 sat:0
DEBUG 2020-05-27 15:00:02,987 :: Running..
DEBUG 2020-05-27 15:00:02,988 :: wifi:0 sat:0
DEBUG 2020-05-27 16:00:02,662 :: Running..
DEBUG 2020-05-27 16:00:02,662 :: wifi:0 sat:0
DEBUG 2020-05-27 17:00:02,422 :: Running..
DEBUG 2020-05-27 17:00:02,422 :: wifi:0 sat:0
DEBUG 2020-05-27 18:00:03,175 :: Running..
DEBUG 2020-05-27 18:00:03,176 :: wifi:0 sat:0
DEBUG 2020-05-27 19:00:02,943 :: Running..
DEBUG 2020-05-27 19:00:02,943 :: wifi:0 sat:0
DEBUG 2020-05-27 20:00:02,657 :: Running..
DEBUG 2020-05-27 20:00:02,658 :: wifi:0 sat:0
DEBUG 2020-05-27 21:00:02,430 :: Running..
DEBUG 2020-05-27 21:00:02,430 :: wifi:0 sat:0
DEBUG 2020-05-27 22:00:03,243 :: Running..
DEBUG 2020-05-27 22:00:03,243 :: wifi:0 sat:0
DEBUG 2020-05-27 23:00:03,153 :: Running..
DEBUG 2020-05-27 23:00:03,153 :: wifi:0 sat:0
DEBUG 2020-05-28 00:00:03,153 :: Running..
DEBUG 2020-05-28 00:00:03,154 :: wifi:0 sat:0
DEBUG 2020-05-28 01:00:03,109 :: Running..
DEBUG 2020-05-28 01:00:03,111 :: wifi:0 sat:0
DEBUG 2020-05-28 02:00:03,094 :: Running..
DEBUG 2020-05-28 02:00:03,096 :: wifi:0 sat:0
DEBUG 2020-05-28 03:00:03,020 :: Running..
DEBUG 2020-05-28 03:00:03,020 :: wifi:0 sat:0
DEBUG 2020-05-28 04:00:03,090 :: Running..
DEBUG 2020-05-28 04:00:03,092 :: wifi:0 sat:0
DEBUG 2020-05-28 05:00:03,135 :: Running..
DEBUG 2020-05-28 05:00:03,136 :: wifi:0 sat:0
DEBUG 2020-05-28 06:00:03,174 :: Running..
DEBUG 2020-05-28 06:00:03,175 :: wifi:0 sat:0
DEBUG 2020-05-28 07:00:02,744 :: Running..
DEBUG 2020-05-28 07:00:02,744 :: wifi:0 sat:0
DEBUG 2020-05-28 08:00:03,100 :: Running..
DEBUG 2020-05-28 08:00:03,102 :: wifi:0 sat:0
DEBUG 2020-05-28 09:00:02,649 :: Running..
DEBUG 2020-05-28 09:00:02,649 :: wifi:0 sat:0
DEBUG 2020-05-28 10:00:03,534 :: Running..
DEBUG 2020-05-28 10:00:03,535 :: wifi:0 sat:0
DEBUG 2020-05-28 11:00:02,645 :: Running..
DEBUG 2020-05-28 11:00:02,648 :: wifi:0 sat:0
DEBUG 2020-05-28 12:00:03,063 :: Running..
DEBUG 2020-05-28 12:00:03,064 :: wifi:0 sat:0
DEBUG 2020-05-28 13:00:03,054 :: Running..
DEBUG 2020-05-28 13:00:03,055 :: wifi:0 sat:0
DEBUG 2020-05-28 14:00:02,942 :: Running..
DEBUG 2020-05-28 14:00:02,943 :: wifi:0 sat:0
DEBUG 2020-05-28 15:00:03,332 :: Running..
DEBUG 2020-05-28 15:00:03,334 :: wifi:0 sat:0
DEBUG 2020-05-28 16:00:02,544 :: Running..
DEBUG 2020-05-28 16:00:02,548 :: wifi:0 sat:0
DEBUG 2020-05-28 17:00:03,193 :: Running..
DEBUG 2020-05-28 17:00:03,193 :: wifi:0 sat:0
DEBUG 2020-05-28 18:00:02,846 :: Running..
DEBUG 2020-05-28 18:00:02,847 :: wifi:0 sat:0
DEBUG 2020-05-28 19:00:02,627 :: Running..
DEBUG 2020-05-28 19:00:02,627 :: wifi:0 sat:0
DEBUG 2020-05-28 20:00:03,349 :: Running..
DEBUG 2020-05-28 20:00:03,349 :: wifi:0 sat:0
DEBUG 2020-05-28 21:00:03,063 :: Running..
DEBUG 2020-05-28 21:00:03,064 :: wifi:0 sat:0
DEBUG 2020-05-28 22:00:02,780 :: Running..
DEBUG 2020-05-28 22:00:02,781 :: wifi:0 sat:0
DEBUG 2020-05-28 23:00:02,679 :: Running..
DEBUG 2020-05-28 23:00:02,679 :: wifi:0 sat:0
DEBUG 2020-05-29 00:00:02,561 :: Running..
DEBUG 2020-05-29 00:00:02,562 :: wifi:0 sat:0
DEBUG 2020-05-29 01:00:03,341 :: Running..
DEBUG 2020-05-29 01:00:03,341 :: wifi:0 sat:0
DEBUG 2020-05-29 02:00:03,133 :: Running..
DEBUG 2020-05-29 02:00:03,134 :: wifi:0 sat:0
DEBUG 2020-05-29 03:00:03,008 :: Running..
DEBUG 2020-05-29 03:00:03,009 :: wifi:0 sat:0
DEBUG 2020-05-29 04:00:02,950 :: Running..
DEBUG 2020-05-29 04:00:02,951 :: wifi:0 sat:0
DEBUG 2020-05-29 05:00:02,976 :: Running..
DEBUG 2020-05-29 05:00:02,977 :: wifi:0 sat:0
DEBUG 2020-05-29 06:00:02,902 :: Running..
DEBUG 2020-05-29 06:00:02,902 :: wifi:0 sat:0
DEBUG 2020-05-29 07:00:03,392 :: Running..
DEBUG 2020-05-29 07:00:03,392 :: wifi:0 sat:0
DEBUG 2020-05-29 08:00:03,016 :: Running..
DEBUG 2020-05-29 08:00:03,018 :: wifi:0 sat:0
DEBUG 2020-05-29 09:00:03,348 :: Running..
DEBUG 2020-05-29 09:00:03,352 :: wifi:0 sat:0
DEBUG 2020-05-29 10:00:03,030 :: Running..
DEBUG 2020-05-29 10:00:03,031 :: wifi:0 sat:0
DEBUG 2020-05-29 11:00:02,758 :: Running..
DEBUG 2020-05-29 11:00:02,758 :: wifi:0 sat:0
DEBUG 2020-05-29 12:00:02,524 :: Running..
DEBUG 2020-05-29 12:00:02,524 :: wifi:0 sat:0
DEBUG 2020-05-29 13:00:03,221 :: Running..
DEBUG 2020-05-29 13:00:03,221 :: wifi:0 sat:0
DEBUG 2020-05-29 14:00:02,986 :: Running..
DEBUG 2020-05-29 14:00:02,987 :: wifi:0 sat:0
DEBUG 2020-05-29 15:00:02,716 :: Running..
DEBUG 2020-05-29 15:00:02,717 :: wifi:0 sat:0
DEBUG 2020-05-29 16:00:02,608 :: Running..
DEBUG 2020-05-29 16:00:02,609 :: wifi:0 sat:0
DEBUG 2020-05-29 17:00:03,362 :: Running..
DEBUG 2020-05-29 17:00:03,363 :: wifi:0 sat:0
DEBUG 2020-05-29 18:00:03,158 :: Running..
DEBUG 2020-05-29 18:00:03,158 :: wifi:0 sat:0
DEBUG 2020-05-29 19:00:02,910 :: Running..
DEBUG 2020-05-29 19:00:02,913 :: wifi:0 sat:0
DEBUG 2020-05-29 20:00:02,939 :: Running..
DEBUG 2020-05-29 20:00:02,942 :: wifi:0 sat:0
DEBUG 2020-05-29 21:00:03,036 :: Running..
DEBUG 2020-05-29 21:00:03,036 :: wifi:0 sat:0
DEBUG 2020-05-29 22:00:03,025 :: Running..
DEBUG 2020-05-29 22:00:03,027 :: wifi:0 sat:0
DEBUG 2020-05-29 23:00:03,007 :: Running..
DEBUG 2020-05-29 23:00:03,008 :: wifi:0 sat:0
DEBUG 2020-05-30 00:00:03,092 :: Running..
DEBUG 2020-05-30 00:00:03,093 :: wifi:0 sat:0
DEBUG 2020-05-30 01:00:03,119 :: Running..
DEBUG 2020-05-30 01:00:03,119 :: wifi:0 sat:0
DEBUG 2020-05-30 02:00:03,122 :: Running..
DEBUG 2020-05-30 02:00:03,122 :: wifi:0 sat:0
DEBUG 2020-05-30 03:00:03,245 :: Running..
DEBUG 2020-05-30 03:00:03,245 :: wifi:0 sat:0
DEBUG 2020-05-30 04:00:03,295 :: Running..
DEBUG 2020-05-30 04:00:03,296 :: wifi:0 sat:0
DEBUG 2020-05-30 05:00:03,318 :: Running..
DEBUG 2020-05-30 05:00:03,318 :: wifi:0 sat:0
DEBUG 2020-05-30 06:00:03,348 :: Running..
DEBUG 2020-05-30 06:00:03,348 :: wifi:0 sat:0
DEBUG 2020-05-30 07:00:03,126 :: Running..
DEBUG 2020-05-30 07:00:03,126 :: wifi:0 sat:0
DEBUG 2020-05-30 08:00:03,558 :: Running..
DEBUG 2020-05-30 08:00:03,559 :: wifi:0 sat:0
DEBUG 2020-05-30 09:00:03,143 :: Running..
DEBUG 2020-05-30 09:00:03,144 :: wifi:0 sat:0
DEBUG 2020-05-30 10:00:03,469 :: Running..
DEBUG 2020-05-30 10:00:03,469 :: wifi:0 sat:0
DEBUG 2020-05-30 11:00:03,465 :: Running..
DEBUG 2020-05-30 11:00:03,466 :: wifi:0 sat:0
DEBUG 2020-05-30 12:00:03,377 :: Running..
DEBUG 2020-05-30 12:00:03,383 :: wifi:0 sat:0
DEBUG 2020-05-30 13:00:03,258 :: Running..
DEBUG 2020-05-30 13:00:03,262 :: wifi:0 sat:0
DEBUG 2020-05-30 14:00:02,443 :: Running..
DEBUG 2020-05-30 14:00:02,444 :: wifi:0 sat:0
DEBUG 2020-05-30 15:00:03,243 :: Running..
DEBUG 2020-05-30 15:00:03,243 :: wifi:0 sat:0
DEBUG 2020-05-30 16:00:03,007 :: Running..
DEBUG 2020-05-30 16:00:03,008 :: wifi:0 sat:0
DEBUG 2020-05-30 17:00:02,758 :: Running..
DEBUG 2020-05-30 17:00:02,759 :: wifi:0 sat:0
DEBUG 2020-05-30 18:00:02,479 :: Running..
DEBUG 2020-05-30 18:00:02,480 :: wifi:0 sat:0
DEBUG 2020-05-30 19:00:03,336 :: Running..
DEBUG 2020-05-30 19:00:03,336 :: wifi:0 sat:0
DEBUG 2020-05-30 20:00:03,128 :: Running..
DEBUG 2020-05-30 20:00:03,129 :: wifi:0 sat:0
DEBUG 2020-05-30 21:00:02,848 :: Running..
DEBUG 2020-05-30 21:00:02,849 :: wifi:0 sat:0
DEBUG 2020-05-30 22:00:02,651 :: Running..
DEBUG 2020-05-30 22:00:02,651 :: wifi:0 sat:0
DEBUG 2020-05-30 23:00:02,485 :: Running..
DEBUG 2020-05-30 23:00:02,486 :: wifi:0 sat:0
DEBUG 2020-05-31 00:00:03,372 :: Running..
DEBUG 2020-05-31 00:00:03,372 :: wifi:0 sat:0
DEBUG 2020-05-31 01:00:03,148 :: Running..
DEBUG 2020-05-31 01:00:03,148 :: wifi:0 sat:0
DEBUG 2020-05-31 02:00:02,893 :: Running..
DEBUG 2020-05-31 02:00:02,894 :: wifi:0 sat:0
DEBUG 2020-05-31 03:00:02,566 :: Running..
DEBUG 2020-05-31 03:00:02,566 :: wifi:0 sat:0
DEBUG 2020-05-31 04:00:03,382 :: Running..
DEBUG 2020-05-31 04:00:03,382 :: wifi:0 sat:0
DEBUG 2020-05-31 05:00:03,184 :: Running..
DEBUG 2020-05-31 05:00:03,184 :: wifi:0 sat:0
DEBUG 2020-05-31 06:00:02,971 :: Running..
DEBUG 2020-05-31 06:00:02,972 :: wifi:0 sat:0
DEBUG 2020-05-31 07:00:03,465 :: Running..
DEBUG 2020-05-31 07:00:03,466 :: wifi:0 sat:0
DEBUG 2020-05-31 08:00:03,326 :: Running..
DEBUG 2020-05-31 08:00:03,327 :: wifi:0 sat:0
DEBUG 2020-05-31 09:00:03,131 :: Running..
DEBUG 2020-05-31 09:00:03,132 :: wifi:0 sat:0
DEBUG 2020-05-31 10:00:02,896 :: Running..
DEBUG 2020-05-31 10:00:02,898 :: wifi:0 sat:0
DEBUG 2020-05-31 11:00:02,634 :: Running..
DEBUG 2020-05-31 11:00:02,635 :: wifi:0 sat:0
DEBUG 2020-05-31 12:00:02,500 :: Running..
DEBUG 2020-05-31 12:00:02,501 :: wifi:0 sat:0
DEBUG 2020-05-31 13:00:03,479 :: Running..
DEBUG 2020-05-31 13:00:03,480 :: wifi:0 sat:0
DEBUG 2020-05-31 14:00:03,491 :: Running..
DEBUG 2020-05-31 14:00:03,491 :: wifi:0 sat:0
DEBUG 2020-05-31 15:00:03,473 :: Running..
DEBUG 2020-05-31 15:00:03,474 :: wifi:0 sat:0
DEBUG 2020-05-31 16:00:03,445 :: Running..
DEBUG 2020-05-31 16:00:03,445 :: wifi:0 sat:0
DEBUG 2020-06-01 07:00:02,629 :: Running..
DEBUG 2020-06-01 07:00:02,633 :: wifi:0 sat:0
DEBUG 2020-06-01 08:00:02,973 :: Running..
DEBUG 2020-06-01 08:00:02,973 :: wifi:0 sat:0
DEBUG 2020-06-01 09:00:02,733 :: Running..
DEBUG 2020-06-01 09:00:02,734 :: wifi:0 sat:0
DEBUG 2020-06-01 10:00:03,002 :: Running..
DEBUG 2020-06-01 10:00:03,003 :: wifi:0 sat:0
DEBUG 2020-06-01 11:00:02,798 :: Running..
DEBUG 2020-06-01 11:00:02,799 :: wifi:0 sat:0
DEBUG 2020-06-01 12:00:03,125 :: Running..
DEBUG 2020-06-01 12:00:03,125 :: wifi:0 sat:0
DEBUG 2020-06-01 13:00:02,947 :: Running..
DEBUG 2020-06-01 13:00:02,947 :: wifi:0 sat:0
DEBUG 2020-06-01 14:00:03,159 :: Running..
DEBUG 2020-06-01 14:00:03,160 :: wifi:0 sat:0
DEBUG 2020-06-01 15:00:03,062 :: Running..
DEBUG 2020-06-01 15:00:03,062 :: wifi:0 sat:0
DEBUG 2020-06-01 16:00:02,884 :: Running..
DEBUG 2020-06-01 16:00:02,884 :: wifi:0 sat:0
DEBUG 2020-06-01 17:00:02,805 :: Running..
DEBUG 2020-06-01 17:00:02,805 :: wifi:0 sat:0
DEBUG 2020-06-01 18:00:02,661 :: Running..
DEBUG 2020-06-01 18:00:02,662 :: wifi:0 sat:0
DEBUG 2020-06-01 19:00:02,510 :: Running..
DEBUG 2020-06-01 19:00:02,510 :: wifi:0 sat:0
DEBUG 2020-06-01 20:00:03,384 :: Running..
DEBUG 2020-06-01 20:00:03,384 :: wifi:0 sat:0
DEBUG 2020-06-01 21:00:03,578 :: Running..
DEBUG 2020-06-01 21:00:03,578 :: wifi:0 sat:0
DEBUG 2020-06-01 22:00:03,517 :: Running..
DEBUG 2020-06-01 22:00:03,518 :: wifi:0 sat:0
DEBUG 2020-06-01 23:00:02,712 :: Running..
DEBUG 2020-06-01 23:00:02,713 :: wifi:0 sat:0
DEBUG 2020-06-02 00:00:02,636 :: Running..
DEBUG 2020-06-02 00:00:02,637 :: wifi:0 sat:0
DEBUG 2020-06-02 01:00:02,575 :: Running..
DEBUG 2020-06-02 01:00:02,576 :: wifi:0 sat:0
DEBUG 2020-06-02 02:00:03,520 :: Running..
DEBUG 2020-06-02 02:00:03,520 :: wifi:0 sat:0
DEBUG 2020-06-02 03:00:03,521 :: Running..
DEBUG 2020-06-02 03:00:03,522 :: wifi:0 sat:0
DEBUG 2020-06-02 04:00:03,504 :: Running..
DEBUG 2020-06-02 04:00:03,506 :: wifi:0 sat:0
DEBUG 2020-06-02 05:00:02,833 :: Running..
DEBUG 2020-06-02 05:00:02,833 :: wifi:0 sat:0
DEBUG 2020-06-02 06:00:02,852 :: Running..
DEBUG 2020-06-02 06:00:02,852 :: wifi:0 sat:0
DEBUG 2020-06-02 07:00:04,079 :: Running..
DEBUG 2020-06-02 07:00:04,081 :: wifi:0 sat:0
DEBUG 2020-06-02 08:00:03,408 :: Running..
DEBUG 2020-06-02 08:00:03,408 :: wifi:0 sat:0
DEBUG 2020-06-02 09:00:02,540 :: Running..
DEBUG 2020-06-02 09:00:02,540 :: wifi:0 sat:0
DEBUG 2020-06-02 10:00:02,749 :: Running..
DEBUG 2020-06-02 10:00:02,749 :: wifi:0 sat:0
DEBUG 2020-06-02 11:00:02,497 :: Running..
DEBUG 2020-06-02 11:00:02,498 :: wifi:0 sat:0
DEBUG 2020-06-02 12:00:02,854 :: Running..
DEBUG 2020-06-02 12:00:02,857 :: wifi:0 sat:0
DEBUG 2020-06-02 13:00:02,622 :: Running..
DEBUG 2020-06-02 13:00:02,622 :: wifi:0 sat:0
DEBUG 2020-06-02 14:00:03,120 :: Running..
DEBUG 2020-06-02 14:00:03,120 :: wifi:0 sat:0
DEBUG 2020-06-02 15:00:03,281 :: Running..
DEBUG 2020-06-02 15:00:03,282 :: wifi:0 sat:0
DEBUG 2020-06-02 16:00:02,475 :: Running..
DEBUG 2020-06-02 16:00:02,479 :: wifi:0 sat:0
DEBUG 2020-06-02 17:00:03,214 :: Running..
DEBUG 2020-06-02 17:00:03,214 :: wifi:0 sat:0
DEBUG 2020-06-02 18:00:02,944 :: Running..
DEBUG 2020-06-02 18:00:02,945 :: wifi:0 sat:0
DEBUG 2020-06-02 19:00:02,635 :: Running..
DEBUG 2020-06-02 19:00:02,635 :: wifi:0 sat:0
DEBUG 2020-06-02 20:00:03,329 :: Running..
DEBUG 2020-06-02 20:00:03,329 :: wifi:0 sat:0
DEBUG 2020-06-02 21:00:03,098 :: Running..
DEBUG 2020-06-02 21:00:03,099 :: wifi:0 sat:0
DEBUG 2020-06-02 22:00:02,877 :: Running..
DEBUG 2020-06-02 22:00:02,877 :: wifi:0 sat:0
DEBUG 2020-06-02 23:00:02,581 :: Running..
DEBUG 2020-06-02 23:00:02,581 :: wifi:0 sat:0
DEBUG 2020-06-03 00:00:03,427 :: Running..
DEBUG 2020-06-03 00:00:03,428 :: wifi:0 sat:0
DEBUG 2020-06-03 01:00:03,224 :: Running..
DEBUG 2020-06-03 01:00:03,225 :: wifi:0 sat:0
DEBUG 2020-06-03 02:00:03,106 :: Running..
DEBUG 2020-06-03 02:00:03,106 :: wifi:0 sat:0
DEBUG 2020-06-03 03:00:02,949 :: Running..
DEBUG 2020-06-03 03:00:02,950 :: wifi:0 sat:0
DEBUG 2020-06-03 04:00:02,697 :: Running..
DEBUG 2020-06-03 04:00:02,697 :: wifi:0 sat:0
DEBUG 2020-06-03 05:00:02,468 :: Running..
DEBUG 2020-06-03 05:00:02,468 :: wifi:0 sat:0
DEBUG 2020-06-03 06:00:03,406 :: Running..
DEBUG 2020-06-03 06:00:03,407 :: wifi:0 sat:0
DEBUG 2020-06-03 07:00:03,237 :: Running..
DEBUG 2020-06-03 07:00:03,238 :: wifi:0 sat:1
DEBUG 2020-06-03 08:00:03,364 :: Running..
DEBUG 2020-06-03 08:00:03,364 :: wifi:0 sat:1
DEBUG 2020-06-03 09:00:02,536 :: Running..
DEBUG 2020-06-03 09:00:02,536 :: wifi:0 sat:1
DEBUG 2020-06-03 10:00:03,264 :: Running..
DEBUG 2020-06-03 10:00:03,265 :: wifi:0 sat:1
DEBUG 2020-06-03 11:00:03,025 :: Running..
DEBUG 2020-06-03 11:00:03,026 :: wifi:0 sat:1
DEBUG 2020-06-03 12:00:02,839 :: Running..
DEBUG 2020-06-03 12:00:02,840 :: wifi:0 sat:1
DEBUG 2020-06-03 13:00:02,561 :: Running..
DEBUG 2020-06-03 13:00:02,562 :: wifi:0 sat:1
DEBUG 2020-06-03 14:00:03,298 :: Running..
DEBUG 2020-06-03 14:00:03,298 :: wifi:0 sat:1
DEBUG 2020-06-03 15:00:03,040 :: Running..
DEBUG 2020-06-03 15:00:03,041 :: wifi:0 sat:1
DEBUG 2020-06-03 16:00:02,800 :: Running..
DEBUG 2020-06-03 16:00:02,800 :: wifi:0 sat:1
DEBUG 2020-06-09 15:00:03,075 :: Running..
DEBUG 2020-06-09 15:00:03,075 :: wifi:0 sat:1
DEBUG 2020-06-09 16:00:02,937 :: Running..
DEBUG 2020-06-09 16:00:02,937 :: wifi:0 sat:1
DEBUG 2020-06-09 17:00:02,756 :: Running..
DEBUG 2020-06-09 17:00:02,757 :: wifi:0 sat:1
DEBUG 2020-06-10 17:00:04,009 :: Running..
DEBUG 2020-06-10 17:00:04,012 :: wifi:0 sat:1
DEBUG 2020-06-10 18:00:02,867 :: Running..
DEBUG 2020-06-10 18:00:02,867 :: wifi:0 sat:1
DEBUG 2020-06-10 19:00:02,695 :: Running..
DEBUG 2020-06-10 19:00:02,695 :: wifi:0 sat:1
DEBUG 2020-06-11 10:00:04,141 :: Running..
DEBUG 2020-06-11 10:00:04,143 :: wifi:0 sat:1
DEBUG 2020-06-11 11:00:02,971 :: Running..
DEBUG 2020-06-11 11:00:02,971 :: wifi:0 sat:1
DEBUG 2020-06-11 12:00:02,806 :: Running..
DEBUG 2020-06-11 12:00:02,807 :: wifi:0 sat:1
DEBUG 2020-06-11 13:00:02,631 :: Running..
DEBUG 2020-06-11 13:00:02,632 :: wifi:0 sat:1
DEBUG 2020-06-11 14:00:03,431 :: Running..
DEBUG 2020-06-11 14:00:03,431 :: wifi:0 sat:1
DEBUG 2020-06-11 15:00:03,251 :: Running..
DEBUG 2020-06-11 15:00:03,252 :: wifi:0 sat:1
DEBUG 2020-06-11 16:00:02,974 :: Running..
DEBUG 2020-06-11 16:00:02,975 :: wifi:0 sat:1
DEBUG 2020-06-11 17:00:02,480 :: Running..
DEBUG 2020-06-11 17:00:02,485 :: wifi:0 sat:1
DEBUG 2020-06-11 18:00:03,346 :: Running..
DEBUG 2020-06-11 18:00:03,347 :: wifi:0 sat:1
DEBUG 2020-06-12 12:00:04,338 :: Running..
DEBUG 2020-06-12 12:00:04,340 :: wifi:0 sat:1
DEBUG 2020-06-12 13:00:03,198 :: Running..
DEBUG 2020-06-12 13:00:03,199 :: wifi:0 sat:1
DEBUG 2020-06-12 14:00:03,026 :: Running..
DEBUG 2020-06-12 14:00:03,027 :: wifi:0 sat:1
DEBUG 2020-06-12 15:00:02,832 :: Running..
DEBUG 2020-06-12 15:00:02,832 :: wifi:0 sat:1
DEBUG 2020-06-12 16:00:02,624 :: Running..
DEBUG 2020-06-12 16:00:02,625 :: wifi:0 sat:1
DEBUG 2020-06-12 17:00:03,433 :: Running..
DEBUG 2020-06-12 17:00:03,433 :: wifi:0 sat:1
DEBUG 2020-06-12 18:00:03,235 :: Running..
DEBUG 2020-06-12 18:00:03,235 :: wifi:0 sat:1
DEBUG 2020-06-15 11:00:03,855 :: Running..
DEBUG 2020-06-15 11:00:03,858 :: wifi:0 sat:1
DEBUG 2020-06-15 14:00:03,094 :: Running..
DEBUG 2020-06-15 14:00:03,095 :: wifi:0 sat:1
DEBUG 2020-06-15 15:00:02,788 :: Running..
DEBUG 2020-06-15 15:00:02,789 :: wifi:0 sat:1
DEBUG 2020-06-15 16:00:02,616 :: Running..
DEBUG 2020-06-15 16:00:02,617 :: wifi:0 sat:1
DEBUG 2020-06-15 17:00:02,850 :: Running..
DEBUG 2020-06-15 17:00:02,851 :: wifi:0 sat:1
DEBUG 2020-06-15 18:00:02,649 :: Running..
DEBUG 2020-06-15 18:00:02,649 :: wifi:0 sat:1
DEBUG 2020-06-15 19:00:03,400 :: Running..
DEBUG 2020-06-15 19:00:03,401 :: wifi:0 sat:1
DEBUG 2020-06-15 20:00:03,131 :: Running..
DEBUG 2020-06-15 20:00:03,132 :: wifi:0 sat:1
DEBUG 2020-06-15 21:00:02,865 :: Running..
DEBUG 2020-06-15 21:00:02,865 :: wifi:0 sat:1
DEBUG 2020-06-15 22:00:02,746 :: Running..
DEBUG 2020-06-15 22:00:02,747 :: wifi:0 sat:1
DEBUG 2020-06-15 23:00:02,719 :: Running..
DEBUG 2020-06-15 23:00:02,720 :: wifi:0 sat:1
DEBUG 2020-06-16 00:00:02,781 :: Running..
DEBUG 2020-06-16 00:00:02,781 :: wifi:0 sat:1
DEBUG 2020-06-16 01:00:02,784 :: Running..
DEBUG 2020-06-16 01:00:02,784 :: wifi:0 sat:1
DEBUG 2020-06-16 02:00:02,863 :: Running..
DEBUG 2020-06-16 02:00:02,864 :: wifi:0 sat:1
DEBUG 2020-06-16 03:00:02,923 :: Running..
DEBUG 2020-06-16 03:00:02,924 :: wifi:0 sat:1
DEBUG 2020-06-16 04:00:03,009 :: Running..
DEBUG 2020-06-16 04:00:03,009 :: wifi:0 sat:1
DEBUG 2020-06-16 05:00:03,070 :: Running..
DEBUG 2020-06-16 05:00:03,071 :: wifi:0 sat:1
DEBUG 2020-06-16 06:00:03,118 :: Running..
DEBUG 2020-06-16 06:00:03,119 :: wifi:0 sat:1
DEBUG 2020-06-16 07:00:03,314 :: Running..
DEBUG 2020-06-16 07:00:03,314 :: wifi:0 sat:1
DEBUG 2020-06-16 08:00:03,264 :: Running..
DEBUG 2020-06-16 08:00:03,264 :: wifi:0 sat:1
DEBUG 2020-06-16 09:00:03,303 :: Running..
DEBUG 2020-06-16 09:00:03,304 :: wifi:0 sat:1
DEBUG 2020-06-16 10:00:03,361 :: Running..
DEBUG 2020-06-16 10:00:03,361 :: wifi:0 sat:1
DEBUG 2020-06-16 11:00:04,242 :: Running..
DEBUG 2020-06-16 11:00:04,244 :: wifi:0 sat:1
DEBUG 2020-06-16 12:00:03,277 :: Running..
DEBUG 2020-06-16 12:00:03,278 :: wifi:0 sat:1
DEBUG 2020-06-16 13:00:03,336 :: Running..
DEBUG 2020-06-16 13:00:03,337 :: wifi:0 sat:1
DEBUG 2020-06-16 14:00:02,756 :: Running..
DEBUG 2020-06-16 14:00:02,756 :: wifi:0 sat:1
DEBUG 2020-06-16 15:00:02,893 :: Running..
DEBUG 2020-06-16 15:00:02,896 :: wifi:0 sat:1
DEBUG 2020-06-16 16:00:02,916 :: Running..
DEBUG 2020-06-16 16:00:02,916 :: wifi:0 sat:1
DEBUG 2020-06-16 17:00:02,883 :: Running..
DEBUG 2020-06-16 17:00:02,883 :: wifi:0 sat:1
DEBUG 2020-06-16 18:00:03,350 :: Running..
DEBUG 2020-06-16 18:00:03,351 :: wifi:0 sat:1
DEBUG 2020-06-16 19:00:02,548 :: Running..
DEBUG 2020-06-16 19:00:02,549 :: wifi:0 sat:1
DEBUG 2020-06-16 20:00:02,638 :: Running..
DEBUG 2020-06-16 20:00:02,639 :: wifi:0 sat:1
DEBUG 2020-06-16 21:00:02,604 :: Running..
DEBUG 2020-06-16 21:00:02,604 :: wifi:0 sat:1
DEBUG 2020-06-16 22:00:02,794 :: Running..
DEBUG 2020-06-16 22:00:02,795 :: wifi:0 sat:1
DEBUG 2020-06-16 23:00:02,847 :: Running..
DEBUG 2020-06-16 23:00:02,849 :: wifi:0 sat:1
DEBUG 2020-06-17 00:00:02,988 :: Running..
DEBUG 2020-06-17 00:00:02,989 :: wifi:0 sat:1
DEBUG 2020-06-17 01:00:02,935 :: Running..
DEBUG 2020-06-17 01:00:02,937 :: wifi:0 sat:1
DEBUG 2020-06-17 02:00:03,246 :: Running..
DEBUG 2020-06-17 02:00:03,247 :: wifi:0 sat:1
DEBUG 2020-06-17 03:00:02,840 :: Running..
DEBUG 2020-06-17 03:00:02,842 :: wifi:0 sat:1
DEBUG 2020-06-17 04:00:02,967 :: Running..
DEBUG 2020-06-17 04:00:02,968 :: wifi:0 sat:1
DEBUG 2020-06-17 05:00:03,141 :: Running..
DEBUG 2020-06-17 05:00:03,142 :: wifi:0 sat:1
DEBUG 2020-06-17 06:00:03,473 :: Running..
DEBUG 2020-06-17 06:00:03,473 :: wifi:0 sat:1
DEBUG 2020-06-17 07:00:03,532 :: Running..
DEBUG 2020-06-17 07:00:03,533 :: wifi:0 sat:1
DEBUG 2020-06-17 08:00:02,912 :: Running..
DEBUG 2020-06-17 08:00:02,913 :: wifi:0 sat:1
DEBUG 2020-06-17 09:00:03,321 :: Running..
DEBUG 2020-06-17 09:00:03,322 :: wifi:0 sat:1
DEBUG 2020-06-17 10:00:03,064 :: Running..
DEBUG 2020-06-17 10:00:03,064 :: wifi:0 sat:1
DEBUG 2020-06-17 11:00:03,589 :: Running..
DEBUG 2020-06-17 11:00:03,590 :: wifi:0 sat:1
DEBUG 2020-06-17 12:00:02,535 :: Running..
DEBUG 2020-06-17 12:00:02,535 :: wifi:0 sat:1
DEBUG 2020-06-17 13:00:02,561 :: Running..
DEBUG 2020-06-17 13:00:02,562 :: wifi:0 sat:1
DEBUG 2020-06-17 14:00:03,404 :: Running..
DEBUG 2020-06-17 14:00:03,404 :: wifi:0 sat:1
DEBUG 2020-06-17 15:00:03,039 :: Running..
DEBUG 2020-06-17 15:00:03,039 :: wifi:0 sat:1
DEBUG 2020-06-17 16:00:03,085 :: Running..
DEBUG 2020-06-17 16:00:03,086 :: wifi:0 sat:1
DEBUG 2020-06-17 17:00:03,041 :: Running..
DEBUG 2020-06-17 17:00:03,042 :: wifi:0 sat:1
DEBUG 2020-06-17 18:00:03,160 :: Running..
DEBUG 2020-06-17 18:00:03,160 :: wifi:0 sat:1
DEBUG 2020-06-17 19:00:03,364 :: Running..
DEBUG 2020-06-17 19:00:03,364 :: wifi:0 sat:1
DEBUG 2020-06-17 20:00:02,839 :: Running..
DEBUG 2020-06-17 20:00:02,840 :: wifi:0 sat:1
DEBUG 2020-06-17 21:00:03,449 :: Running..
DEBUG 2020-06-17 21:00:03,449 :: wifi:0 sat:1
DEBUG 2020-06-17 22:00:03,368 :: Running..
DEBUG 2020-06-17 22:00:03,369 :: wifi:0 sat:1
DEBUG 2020-06-17 23:00:02,972 :: Running..
DEBUG 2020-06-17 23:00:02,973 :: wifi:0 sat:1
DEBUG 2020-06-18 00:00:03,501 :: Running..
DEBUG 2020-06-18 00:00:03,502 :: wifi:0 sat:1
DEBUG 2020-06-18 01:00:02,825 :: Running..
DEBUG 2020-06-18 01:00:02,825 :: wifi:0 sat:1
DEBUG 2020-06-18 02:00:03,320 :: Running..
DEBUG 2020-06-18 02:00:03,321 :: wifi:0 sat:1
DEBUG 2020-06-18 03:00:02,965 :: Running..
DEBUG 2020-06-18 03:00:02,966 :: wifi:0 sat:1
DEBUG 2020-06-18 04:00:02,941 :: Running..
DEBUG 2020-06-18 04:00:02,946 :: wifi:0 sat:1
DEBUG 2020-06-18 05:00:03,552 :: Running..
DEBUG 2020-06-18 05:00:03,553 :: wifi:0 sat:1
DEBUG 2020-06-18 06:00:02,744 :: Running..
DEBUG 2020-06-18 06:00:02,745 :: wifi:0 sat:1
DEBUG 2020-06-18 07:00:04,316 :: Running..
DEBUG 2020-06-18 07:00:04,316 :: wifi:0 sat:1
DEBUG 2020-06-18 08:00:02,937 :: Running..
DEBUG 2020-06-18 08:00:02,938 :: wifi:0 sat:1
DEBUG 2020-06-18 09:00:03,551 :: Running..
DEBUG 2020-06-18 09:00:03,551 :: wifi:0 sat:1
DEBUG 2020-06-18 10:00:04,559 :: Running..
DEBUG 2020-06-18 10:00:04,560 :: wifi:0 sat:1
DEBUG 2020-06-18 11:00:03,503 :: Running..
DEBUG 2020-06-18 11:00:03,504 :: wifi:0 sat:1
DEBUG 2020-06-18 12:00:03,130 :: Running..
DEBUG 2020-06-18 12:00:03,130 :: wifi:0 sat:1
DEBUG 2020-06-18 13:00:03,345 :: Running..
DEBUG 2020-06-18 13:00:03,346 :: wifi:0 sat:1
DEBUG 2020-06-18 14:00:03,305 :: Running..
DEBUG 2020-06-18 14:00:03,306 :: wifi:0 sat:1
DEBUG 2020-06-18 15:00:03,080 :: Running..
DEBUG 2020-06-18 15:00:03,083 :: wifi:0 sat:1
DEBUG 2020-06-18 16:00:02,445 :: Running..
DEBUG 2020-06-18 16:00:02,445 :: wifi:0 sat:1
DEBUG 2020-06-18 17:00:03,320 :: Running..
DEBUG 2020-06-18 17:00:03,320 :: wifi:0 sat:1
DEBUG 2020-06-18 18:00:02,810 :: Running..
DEBUG 2020-06-18 18:00:02,810 :: wifi:0 sat:1
DEBUG 2020-06-18 19:00:02,827 :: Running..
DEBUG 2020-06-18 19:00:02,828 :: wifi:0 sat:1
DEBUG 2020-06-18 20:00:02,951 :: Running..
DEBUG 2020-06-18 20:00:02,951 :: wifi:0 sat:1
DEBUG 2020-06-18 21:00:03,251 :: Running..
DEBUG 2020-06-18 21:00:03,251 :: wifi:0 sat:1
DEBUG 2020-06-18 22:00:03,422 :: Running..
DEBUG 2020-06-18 22:00:03,423 :: wifi:0 sat:1
DEBUG 2020-06-18 23:00:02,733 :: Running..
DEBUG 2020-06-18 23:00:02,734 :: wifi:0 sat:1
DEBUG 2020-06-19 00:00:03,020 :: Running..
DEBUG 2020-06-19 00:00:03,021 :: wifi:0 sat:1
DEBUG 2020-06-19 01:00:02,563 :: Running..
DEBUG 2020-06-19 01:00:02,563 :: wifi:0 sat:1
DEBUG 2020-06-19 02:00:03,389 :: Running..
DEBUG 2020-06-19 02:00:03,390 :: wifi:0 sat:1
DEBUG 2020-06-19 03:00:03,411 :: Running..
DEBUG 2020-06-19 03:00:03,412 :: wifi:0 sat:1
DEBUG 2020-06-19 04:00:02,992 :: Running..
DEBUG 2020-06-19 04:00:02,993 :: wifi:0 sat:1
DEBUG 2020-06-19 05:00:02,735 :: Running..
DEBUG 2020-06-19 05:00:02,736 :: wifi:0 sat:1
DEBUG 2020-06-19 06:00:02,810 :: Running..
DEBUG 2020-06-19 06:00:02,810 :: wifi:0 sat:1
DEBUG 2020-06-19 07:00:02,415 :: Running..
DEBUG 2020-06-19 07:00:02,415 :: wifi:0 sat:3
DEBUG 2020-06-19 08:00:02,898 :: Running..
DEBUG 2020-06-19 08:00:02,900 :: wifi:0 sat:4
DEBUG 2020-06-19 09:00:02,913 :: Running..
DEBUG 2020-06-19 09:00:02,913 :: wifi:0 sat:4
DEBUG 2020-06-19 10:00:02,797 :: Running..
DEBUG 2020-06-19 10:00:02,799 :: wifi:0 sat:4
DEBUG 2020-06-19 11:00:03,000 :: Running..
DEBUG 2020-06-19 11:00:03,000 :: wifi:0 sat:5
DEBUG 2020-06-19 12:00:03,331 :: Running..
DEBUG 2020-06-19 12:00:03,332 :: wifi:0 sat:12
DEBUG 2020-06-19 13:00:03,363 :: Running..
DEBUG 2020-06-19 13:00:03,363 :: wifi:0 sat:12
DEBUG 2020-06-19 14:00:02,700 :: Running..
DEBUG 2020-06-19 14:00:02,700 :: wifi:0 sat:12
DEBUG 2020-06-19 15:00:03,113 :: Running..
DEBUG 2020-06-19 15:00:03,113 :: wifi:0 sat:12
DEBUG 2020-06-19 16:00:02,885 :: Running..
DEBUG 2020-06-19 16:00:02,885 :: wifi:0 sat:12
DEBUG 2020-06-19 17:00:02,979 :: Running..
DEBUG 2020-06-19 17:00:02,979 :: wifi:0 sat:12
DEBUG 2020-06-19 18:00:03,253 :: Running..
DEBUG 2020-06-19 18:00:03,253 :: wifi:0 sat:12
DEBUG 2020-06-19 19:00:02,669 :: Running..
DEBUG 2020-06-19 19:00:02,670 :: wifi:0 sat:12
DEBUG 2020-06-19 20:00:02,726 :: Running..
DEBUG 2020-06-19 20:00:02,726 :: wifi:0 sat:12
DEBUG 2020-06-19 21:00:03,172 :: Running..
DEBUG 2020-06-19 21:00:03,172 :: wifi:0 sat:12
DEBUG 2020-06-19 22:00:03,446 :: Running..
DEBUG 2020-06-19 22:00:03,447 :: wifi:0 sat:12
DEBUG 2020-06-19 23:00:03,385 :: Running..
DEBUG 2020-06-19 23:00:03,386 :: wifi:0 sat:12
DEBUG 2020-06-20 00:00:03,516 :: Running..
DEBUG 2020-06-20 00:00:03,517 :: wifi:0 sat:12
DEBUG 2020-06-20 01:00:03,419 :: Running..
DEBUG 2020-06-20 01:00:03,419 :: wifi:0 sat:12
DEBUG 2020-06-20 02:00:03,393 :: Running..
DEBUG 2020-06-20 02:00:03,394 :: wifi:0 sat:12
DEBUG 2020-06-20 03:00:02,913 :: Running..
DEBUG 2020-06-20 03:00:02,915 :: wifi:0 sat:12
DEBUG 2020-06-20 04:00:03,162 :: Running..
DEBUG 2020-06-20 04:00:03,162 :: wifi:0 sat:12
DEBUG 2020-06-20 05:00:03,437 :: Running..
DEBUG 2020-06-20 05:00:03,437 :: wifi:0 sat:12
DEBUG 2020-06-20 06:00:03,414 :: Running..
DEBUG 2020-06-20 06:00:03,414 :: wifi:0 sat:12
DEBUG 2020-06-20 07:00:03,608 :: Running..
DEBUG 2020-06-20 07:00:03,611 :: wifi:0 sat:12
DEBUG 2020-06-20 08:00:03,254 :: Running..
DEBUG 2020-06-20 08:00:03,255 :: wifi:0 sat:12
DEBUG 2020-06-20 09:00:03,240 :: Running..
DEBUG 2020-06-20 09:00:03,242 :: wifi:0 sat:12
DEBUG 2020-06-20 10:00:03,277 :: Running..
DEBUG 2020-06-20 10:00:03,278 :: wifi:0 sat:12
DEBUG 2020-06-20 11:00:03,118 :: Running..
DEBUG 2020-06-20 11:00:03,119 :: wifi:0 sat:12
DEBUG 2020-06-20 12:00:03,340 :: Running..
DEBUG 2020-06-20 12:00:03,341 :: wifi:0 sat:12
DEBUG 2020-06-20 13:00:03,074 :: Running..
DEBUG 2020-06-20 13:00:03,075 :: wifi:0 sat:12
DEBUG 2020-06-20 14:00:03,413 :: Running..
DEBUG 2020-06-20 14:00:03,413 :: wifi:0 sat:12
DEBUG 2020-06-20 15:00:03,270 :: Running..
DEBUG 2020-06-20 15:00:03,271 :: wifi:0 sat:12
DEBUG 2020-06-20 16:00:03,071 :: Running..
DEBUG 2020-06-20 16:00:03,071 :: wifi:0 sat:12
DEBUG 2020-06-20 17:00:03,917 :: Running..
DEBUG 2020-06-20 17:00:03,925 :: wifi:0 sat:12
DEBUG 2020-06-20 18:00:03,123 :: Running..
DEBUG 2020-06-20 18:00:03,127 :: wifi:0 sat:12
DEBUG 2020-06-20 19:00:03,598 :: Running..
DEBUG 2020-06-20 19:00:03,599 :: wifi:0 sat:12
DEBUG 2020-06-20 20:00:03,000 :: Running..
DEBUG 2020-06-20 20:00:03,000 :: wifi:0 sat:12
DEBUG 2020-06-20 21:00:03,346 :: Running..
DEBUG 2020-06-20 21:00:03,347 :: wifi:0 sat:12
DEBUG 2020-06-20 22:00:02,793 :: Running..
DEBUG 2020-06-20 22:00:02,795 :: wifi:0 sat:12
DEBUG 2020-06-20 23:00:03,113 :: Running..
DEBUG 2020-06-20 23:00:03,113 :: wifi:0 sat:12
DEBUG 2020-06-21 00:00:03,116 :: Running..
DEBUG 2020-06-21 00:00:03,117 :: wifi:0 sat:12
DEBUG 2020-06-21 01:00:02,918 :: Running..
DEBUG 2020-06-21 01:00:02,919 :: wifi:0 sat:12
DEBUG 2020-06-21 02:00:03,657 :: Running..
DEBUG 2020-06-21 02:00:03,657 :: wifi:0 sat:12
DEBUG 2020-06-21 03:00:03,711 :: Running..
DEBUG 2020-06-21 03:00:03,711 :: wifi:0 sat:12
DEBUG 2020-06-21 04:00:03,440 :: Running..
DEBUG 2020-06-21 04:00:03,440 :: wifi:0 sat:12
DEBUG 2020-06-21 05:00:03,247 :: Running..
DEBUG 2020-06-21 05:00:03,248 :: wifi:0 sat:12
DEBUG 2020-06-21 06:00:03,038 :: Running..
DEBUG 2020-06-21 06:00:03,039 :: wifi:0 sat:12
DEBUG 2020-06-21 07:00:03,622 :: Running..
DEBUG 2020-06-21 07:00:03,622 :: wifi:0 sat:12
DEBUG 2020-06-21 08:00:03,469 :: Running..
DEBUG 2020-06-21 08:00:03,472 :: wifi:0 sat:12
DEBUG 2020-06-21 09:00:02,979 :: Running..
DEBUG 2020-06-21 09:00:02,980 :: wifi:0 sat:12
DEBUG 2020-06-21 10:00:03,098 :: Running..
DEBUG 2020-06-21 10:00:03,099 :: wifi:0 sat:12
DEBUG 2020-06-21 11:00:03,235 :: Running..
DEBUG 2020-06-21 11:00:03,236 :: wifi:0 sat:12
DEBUG 2020-06-21 12:00:03,436 :: Running..
DEBUG 2020-06-21 12:00:03,437 :: wifi:0 sat:12
DEBUG 2020-06-21 13:00:03,116 :: Running..
DEBUG 2020-06-21 13:00:03,117 :: wifi:0 sat:12
DEBUG 2020-06-21 14:00:03,135 :: Running..
DEBUG 2020-06-21 14:00:03,136 :: wifi:0 sat:12
DEBUG 2020-06-21 15:00:03,000 :: Running..
DEBUG 2020-06-21 15:00:03,002 :: wifi:0 sat:12
DEBUG 2020-06-21 16:00:03,792 :: Running..
DEBUG 2020-06-21 16:00:03,793 :: wifi:0 sat:12
DEBUG 2020-06-21 17:00:03,860 :: Running..
DEBUG 2020-06-21 17:00:03,861 :: wifi:0 sat:12
DEBUG 2020-06-21 18:00:03,369 :: Running..
DEBUG 2020-06-21 18:00:03,369 :: wifi:0 sat:12
DEBUG 2020-06-21 19:00:03,349 :: Running..
DEBUG 2020-06-21 19:00:03,349 :: wifi:0 sat:12
DEBUG 2020-06-21 20:00:03,993 :: Running..
DEBUG 2020-06-21 20:00:03,995 :: wifi:0 sat:12
DEBUG 2020-06-21 21:00:04,185 :: Running..
DEBUG 2020-06-21 21:00:04,186 :: wifi:0 sat:12
DEBUG 2020-06-21 22:00:04,281 :: Running..
DEBUG 2020-06-21 22:00:04,284 :: wifi:0 sat:12
DEBUG 2020-06-21 23:00:03,802 :: Running..
DEBUG 2020-06-21 23:00:03,805 :: wifi:0 sat:12
DEBUG 2020-06-22 00:00:03,566 :: Running..
DEBUG 2020-06-22 00:00:03,567 :: wifi:0 sat:12
DEBUG 2020-06-22 01:00:03,839 :: Running..
DEBUG 2020-06-22 01:00:03,840 :: wifi:0 sat:12
DEBUG 2020-06-22 02:00:03,664 :: Running..
DEBUG 2020-06-22 02:00:03,665 :: wifi:0 sat:12
DEBUG 2020-06-22 03:00:03,502 :: Running..
DEBUG 2020-06-22 03:00:03,502 :: wifi:0 sat:12
DEBUG 2020-06-22 04:00:04,523 :: Running..
DEBUG 2020-06-22 04:00:04,524 :: wifi:0 sat:12
DEBUG 2020-06-22 05:00:03,712 :: Running..
DEBUG 2020-06-22 05:00:03,713 :: wifi:0 sat:12
DEBUG 2020-06-22 06:00:04,652 :: Running..
DEBUG 2020-06-22 06:00:04,653 :: wifi:0 sat:12
DEBUG 2020-06-22 07:00:04,145 :: Running..
DEBUG 2020-06-22 07:00:04,146 :: wifi:0 sat:12
DEBUG 2020-06-22 08:00:03,834 :: Running..
DEBUG 2020-06-22 08:00:03,834 :: wifi:0 sat:12
DEBUG 2020-06-22 09:00:03,188 :: Running..
DEBUG 2020-06-22 09:00:03,188 :: wifi:0 sat:12
DEBUG 2020-06-22 10:00:03,091 :: Running..
DEBUG 2020-06-22 10:00:03,094 :: wifi:0 sat:12
DEBUG 2020-06-22 11:00:03,279 :: Running..
DEBUG 2020-06-22 11:00:03,280 :: wifi:0 sat:12
DEBUG 2020-06-22 12:00:03,222 :: Running..
DEBUG 2020-06-22 12:00:03,222 :: wifi:0 sat:12
DEBUG 2020-06-22 13:00:02,747 :: Running..
DEBUG 2020-06-22 13:00:02,748 :: wifi:0 sat:12
DEBUG 2020-06-22 14:00:03,387 :: Running..
DEBUG 2020-06-22 14:00:03,388 :: wifi:0 sat:12
DEBUG 2020-06-22 15:00:03,516 :: Running..
DEBUG 2020-06-22 15:00:03,517 :: wifi:0 sat:12
DEBUG 2020-06-22 16:00:03,300 :: Running..
DEBUG 2020-06-22 16:00:03,301 :: wifi:0 sat:12
DEBUG 2020-06-22 17:00:03,095 :: Running..
DEBUG 2020-06-22 17:00:03,096 :: wifi:0 sat:12
DEBUG 2020-06-22 18:00:03,756 :: Running..
DEBUG 2020-06-22 18:00:03,756 :: wifi:0 sat:12
DEBUG 2020-06-22 19:00:02,772 :: Running..
DEBUG 2020-06-22 19:00:02,772 :: wifi:0 sat:12
DEBUG 2020-06-22 20:00:02,816 :: Running..
DEBUG 2020-06-22 20:00:02,816 :: wifi:0 sat:12
DEBUG 2020-06-22 21:00:04,008 :: Running..
DEBUG 2020-06-22 21:00:04,011 :: wifi:0 sat:12
DEBUG 2020-06-22 22:00:03,289 :: Running..
DEBUG 2020-06-22 22:00:03,290 :: wifi:0 sat:12
DEBUG 2020-06-22 23:00:03,108 :: Running..
DEBUG 2020-06-22 23:00:03,108 :: wifi:0 sat:12
DEBUG 2020-06-23 00:00:03,065 :: Running..
DEBUG 2020-06-23 00:00:03,067 :: wifi:0 sat:12
DEBUG 2020-06-23 01:00:03,249 :: Running..
DEBUG 2020-06-23 01:00:03,251 :: wifi:0 sat:12
DEBUG 2020-06-23 02:00:02,944 :: Running..
DEBUG 2020-06-23 02:00:02,946 :: wifi:0 sat:12
DEBUG 2020-06-23 03:00:03,693 :: Running..
DEBUG 2020-06-23 03:00:03,694 :: wifi:0 sat:12
DEBUG 2020-06-23 04:00:03,629 :: Running..
DEBUG 2020-06-23 04:00:03,629 :: wifi:0 sat:12
DEBUG 2020-06-23 05:00:03,258 :: Running..
DEBUG 2020-06-23 05:00:03,258 :: wifi:0 sat:12
DEBUG 2020-06-23 06:00:03,166 :: Running..
DEBUG 2020-06-23 06:00:03,168 :: wifi:0 sat:12
DEBUG 2020-06-23 07:00:03,523 :: Running..
DEBUG 2020-06-23 07:00:03,523 :: wifi:0 sat:12
DEBUG 2020-06-23 08:00:03,292 :: Running..
DEBUG 2020-06-23 08:00:03,293 :: wifi:0 sat:12
DEBUG 2020-06-23 09:00:03,138 :: Running..
DEBUG 2020-06-23 09:00:03,139 :: wifi:0 sat:12
DEBUG 2020-06-23 10:00:03,570 :: Running..
DEBUG 2020-06-23 10:00:03,571 :: wifi:0 sat:12
DEBUG 2020-06-23 11:00:05,385 :: Running..
DEBUG 2020-06-23 11:00:05,385 :: wifi:0 sat:12
DEBUG 2020-06-23 12:00:03,064 :: Running..
DEBUG 2020-06-23 12:00:03,064 :: wifi:0 sat:12
DEBUG 2020-06-23 13:00:02,907 :: Running..
DEBUG 2020-06-23 13:00:02,908 :: wifi:0 sat:12
DEBUG 2020-06-23 14:00:02,906 :: Running..
DEBUG 2020-06-23 14:00:02,906 :: wifi:0 sat:12
DEBUG 2020-06-23 15:00:02,872 :: Running..
DEBUG 2020-06-23 15:00:02,875 :: wifi:0 sat:12
DEBUG 2020-06-23 16:00:02,657 :: Running..
DEBUG 2020-06-23 16:00:02,657 :: wifi:0 sat:12
DEBUG 2020-06-23 17:00:03,547 :: Running..
DEBUG 2020-06-23 17:00:03,547 :: wifi:0 sat:12
DEBUG 2020-06-23 18:00:03,326 :: Running..
DEBUG 2020-06-23 18:00:03,326 :: wifi:0 sat:12
DEBUG 2020-06-23 19:00:03,675 :: Running..
DEBUG 2020-06-23 19:00:03,676 :: wifi:0 sat:12
DEBUG 2020-06-23 20:00:03,636 :: Running..
DEBUG 2020-06-23 20:00:03,637 :: wifi:0 sat:12
DEBUG 2020-06-23 21:00:03,465 :: Running..
DEBUG 2020-06-23 21:00:03,465 :: wifi:0 sat:12
DEBUG 2020-06-23 22:00:03,302 :: Running..
DEBUG 2020-06-23 22:00:03,302 :: wifi:0 sat:12
DEBUG 2020-06-23 23:00:03,181 :: Running..
DEBUG 2020-06-23 23:00:03,183 :: wifi:0 sat:12
DEBUG 2020-06-24 00:00:03,094 :: Running..
DEBUG 2020-06-24 00:00:03,095 :: wifi:0 sat:12
DEBUG 2020-06-24 01:00:02,812 :: Running..
DEBUG 2020-06-24 01:00:02,813 :: wifi:0 sat:12
DEBUG 2020-06-24 02:00:03,730 :: Running..
DEBUG 2020-06-24 02:00:03,731 :: wifi:0 sat:12
DEBUG 2020-06-24 03:00:03,523 :: Running..
DEBUG 2020-06-24 03:00:03,523 :: wifi:0 sat:12
DEBUG 2020-06-24 04:00:03,400 :: Running..
DEBUG 2020-06-24 04:00:03,401 :: wifi:0 sat:12
DEBUG 2020-06-24 05:00:03,209 :: Running..
DEBUG 2020-06-24 05:00:03,212 :: wifi:0 sat:12
DEBUG 2020-06-24 06:00:03,318 :: Running..
DEBUG 2020-06-24 06:00:03,320 :: wifi:0 sat:12
DEBUG 2020-06-24 07:00:04,084 :: Running..
DEBUG 2020-06-24 07:00:04,089 :: wifi:0 sat:12
DEBUG 2020-06-24 08:00:04,171 :: Running..
DEBUG 2020-06-24 08:00:04,171 :: wifi:0 sat:12
DEBUG 2020-06-24 09:00:03,504 :: Running..
DEBUG 2020-06-24 09:00:03,504 :: wifi:0 sat:12
DEBUG 2020-06-24 10:00:03,097 :: Running..
DEBUG 2020-06-24 10:00:03,098 :: wifi:0 sat:12
DEBUG 2020-06-24 11:00:02,963 :: Running..
DEBUG 2020-06-24 11:00:02,971 :: wifi:0 sat:12
DEBUG 2020-06-24 12:00:04,440 :: Running..
DEBUG 2020-06-24 12:00:04,454 :: wifi:0 sat:12
DEBUG 2020-06-24 13:00:03,631 :: Running..
DEBUG 2020-06-24 13:00:03,631 :: wifi:0 sat:12
DEBUG 2020-06-24 14:00:03,626 :: Running..
DEBUG 2020-06-24 14:00:03,627 :: wifi:0 sat:12
DEBUG 2020-06-24 15:00:03,679 :: Running..
DEBUG 2020-06-24 15:00:03,680 :: wifi:0 sat:12
DEBUG 2020-06-24 16:00:03,614 :: Running..
DEBUG 2020-06-24 16:00:03,615 :: wifi:0 sat:12
DEBUG 2020-06-24 17:00:03,455 :: Running..
DEBUG 2020-06-24 17:00:03,456 :: wifi:0 sat:12
DEBUG 2020-06-24 18:00:03,588 :: Running..
DEBUG 2020-06-24 18:00:03,588 :: wifi:0 sat:12
DEBUG 2020-06-24 19:00:03,344 :: Running..
DEBUG 2020-06-24 19:00:03,344 :: wifi:0 sat:12
DEBUG 2020-06-24 20:00:03,310 :: Running..
DEBUG 2020-06-24 20:00:03,311 :: wifi:0 sat:12
DEBUG 2020-06-24 21:00:03,086 :: Running..
DEBUG 2020-06-24 21:00:03,086 :: wifi:0 sat:12
DEBUG 2020-06-24 22:00:02,765 :: Running..
DEBUG 2020-06-24 22:00:02,765 :: wifi:0 sat:12
DEBUG 2020-06-24 23:00:03,636 :: Running..
DEBUG 2020-06-24 23:00:03,636 :: wifi:0 sat:12
DEBUG 2020-06-25 00:00:03,559 :: Running..
DEBUG 2020-06-25 00:00:03,560 :: wifi:0 sat:12
DEBUG 2020-06-25 01:00:03,376 :: Running..
DEBUG 2020-06-25 01:00:03,377 :: wifi:0 sat:12
DEBUG 2020-06-25 02:00:03,253 :: Running..
DEBUG 2020-06-25 02:00:03,254 :: wifi:0 sat:12
DEBUG 2020-06-25 03:00:03,129 :: Running..
DEBUG 2020-06-25 03:00:03,130 :: wifi:0 sat:12
DEBUG 2020-06-25 04:00:04,040 :: Running..
DEBUG 2020-06-25 04:00:04,044 :: wifi:0 sat:12
DEBUG 2020-06-25 05:00:03,765 :: Running..
DEBUG 2020-06-25 05:00:03,766 :: wifi:0 sat:12
DEBUG 2020-06-25 06:00:03,629 :: Running..
DEBUG 2020-06-25 06:00:03,630 :: wifi:0 sat:12
DEBUG 2020-06-25 07:00:03,523 :: Running..
DEBUG 2020-06-25 07:00:03,526 :: wifi:0 sat:12
DEBUG 2020-06-25 08:00:03,499 :: Running..
DEBUG 2020-06-25 08:00:03,500 :: wifi:0 sat:12
DEBUG 2020-06-25 09:00:03,356 :: Running..
DEBUG 2020-06-25 09:00:03,357 :: wifi:0 sat:12
DEBUG 2020-06-25 10:00:03,386 :: Running..
DEBUG 2020-06-25 10:00:03,386 :: wifi:0 sat:12
DEBUG 2020-06-25 11:00:03,363 :: Running..
DEBUG 2020-06-25 11:00:03,364 :: wifi:0 sat:12
DEBUG 2020-06-25 12:00:03,291 :: Running..
DEBUG 2020-06-25 12:00:03,291 :: wifi:0 sat:12
DEBUG 2020-06-25 13:00:03,183 :: Running..
DEBUG 2020-06-25 13:00:03,185 :: wifi:0 sat:12
DEBUG 2020-06-25 14:00:03,454 :: Running..
DEBUG 2020-06-25 14:00:03,454 :: wifi:0 sat:12
DEBUG 2020-06-25 15:00:03,474 :: Running..
DEBUG 2020-06-25 15:00:03,474 :: wifi:0 sat:12
DEBUG 2020-06-25 16:00:03,287 :: Running..
DEBUG 2020-06-25 16:00:03,288 :: wifi:0 sat:12
DEBUG 2020-06-25 17:00:03,820 :: Running..
DEBUG 2020-06-25 17:00:03,821 :: wifi:0 sat:12
DEBUG 2020-06-25 18:00:04,288 :: Running..
DEBUG 2020-06-25 18:00:04,288 :: wifi:0 sat:12
DEBUG 2020-06-25 19:00:04,316 :: Running..
DEBUG 2020-06-25 19:00:04,318 :: wifi:0 sat:12
DEBUG 2020-06-25 21:00:45,061 :: Running..
DEBUG 2020-06-25 21:00:45,067 :: wifi:0 sat:12
DEBUG 2020-06-26 06:00:04,159 :: Running..
DEBUG 2020-06-26 06:00:04,165 :: wifi:0 sat:12
DEBUG 2020-06-26 07:00:02,675 :: Running..
DEBUG 2020-06-26 07:00:02,676 :: wifi:0 sat:12
DEBUG 2020-06-26 08:00:05,410 :: Running..
DEBUG 2020-06-26 08:00:05,425 :: wifi:0 sat:12
DEBUG 2020-06-26 09:00:02,765 :: Running..
DEBUG 2020-06-26 09:00:02,765 :: wifi:0 sat:12
DEBUG 2020-06-26 10:00:03,211 :: Running..
DEBUG 2020-06-26 10:00:03,211 :: wifi:0 sat:12
DEBUG 2020-06-26 11:00:03,267 :: Running..
DEBUG 2020-06-26 11:00:03,268 :: wifi:0 sat:12
DEBUG 2020-06-26 12:00:03,273 :: Running..
DEBUG 2020-06-26 12:00:03,273 :: wifi:0 sat:12
DEBUG 2020-06-26 13:00:03,266 :: Running..
DEBUG 2020-06-26 13:00:03,267 :: wifi:0 sat:12
DEBUG 2020-06-26 14:00:03,259 :: Running..
DEBUG 2020-06-26 14:00:03,260 :: wifi:0 sat:12
DEBUG 2020-06-26 15:00:03,275 :: Running..
DEBUG 2020-06-26 15:00:03,275 :: wifi:0 sat:12
DEBUG 2020-06-26 16:00:03,316 :: Running..
DEBUG 2020-06-26 16:00:03,317 :: wifi:0 sat:12
DEBUG 2020-06-26 17:00:03,370 :: Running..
DEBUG 2020-06-26 17:00:03,371 :: wifi:0 sat:12
DEBUG 2020-06-26 18:00:03,435 :: Running..
DEBUG 2020-06-26 18:00:03,435 :: wifi:0 sat:12
DEBUG 2020-06-26 19:00:03,565 :: Running..
DEBUG 2020-06-26 19:00:03,566 :: wifi:0 sat:12
DEBUG 2020-06-26 20:00:02,800 :: Running..
DEBUG 2020-06-26 20:00:02,800 :: wifi:0 sat:12
DEBUG 2020-06-26 21:00:03,177 :: Running..
DEBUG 2020-06-26 21:00:03,178 :: wifi:0 sat:12
DEBUG 2020-06-26 22:00:03,305 :: Running..
DEBUG 2020-06-26 22:00:03,305 :: wifi:0 sat:12
DEBUG 2020-06-26 23:00:03,472 :: Running..
DEBUG 2020-06-26 23:00:03,472 :: wifi:0 sat:12
DEBUG 2020-06-27 00:00:03,653 :: Running..
DEBUG 2020-06-27 00:00:03,653 :: wifi:0 sat:12
DEBUG 2020-06-27 01:00:03,153 :: Running..
DEBUG 2020-06-27 01:00:03,153 :: wifi:0 sat:12
DEBUG 2020-06-27 02:00:03,414 :: Running..
DEBUG 2020-06-27 02:00:03,414 :: wifi:0 sat:12
DEBUG 2020-06-27 03:00:03,629 :: Running..
DEBUG 2020-06-27 03:00:03,630 :: wifi:0 sat:12
DEBUG 2020-06-27 04:00:03,158 :: Running..
DEBUG 2020-06-27 04:00:03,159 :: wifi:0 sat:12
DEBUG 2020-06-27 05:00:03,507 :: Running..
DEBUG 2020-06-27 05:00:03,508 :: wifi:0 sat:12
DEBUG 2020-06-27 06:00:03,777 :: Running..
DEBUG 2020-06-27 06:00:03,778 :: wifi:0 sat:12
DEBUG 2020-06-27 07:00:03,283 :: Running..
DEBUG 2020-06-27 07:00:03,283 :: wifi:0 sat:12
DEBUG 2020-06-27 08:00:03,630 :: Running..
DEBUG 2020-06-27 08:00:03,631 :: wifi:0 sat:12
DEBUG 2020-06-27 09:00:05,059 :: Running..
DEBUG 2020-06-27 09:00:05,062 :: wifi:0 sat:12
DEBUG 2020-06-27 10:00:03,462 :: Running..
DEBUG 2020-06-27 10:00:03,462 :: wifi:0 sat:12
DEBUG 2020-06-27 11:00:04,343 :: Running..
DEBUG 2020-06-27 11:00:04,344 :: wifi:0 sat:12
DEBUG 2020-06-27 12:00:03,919 :: Running..
DEBUG 2020-06-27 12:00:03,920 :: wifi:0 sat:12
DEBUG 2020-06-27 13:00:03,391 :: Running..
DEBUG 2020-06-27 13:00:03,391 :: wifi:0 sat:12
DEBUG 2020-06-27 14:00:04,286 :: Running..
DEBUG 2020-06-27 14:00:04,289 :: wifi:0 sat:12
DEBUG 2020-06-27 15:00:04,728 :: Running..
DEBUG 2020-06-27 15:00:04,728 :: wifi:0 sat:12
DEBUG 2020-06-27 16:00:04,785 :: Running..
DEBUG 2020-06-27 16:00:04,786 :: wifi:0 sat:12
DEBUG 2020-06-27 17:00:04,614 :: Running..
DEBUG 2020-06-27 17:00:04,615 :: wifi:0 sat:12
DEBUG 2020-06-27 18:00:05,145 :: Running..
DEBUG 2020-06-27 18:00:05,147 :: wifi:0 sat:12
DEBUG 2020-06-27 19:00:04,530 :: Running..
DEBUG 2020-06-27 19:00:04,531 :: wifi:0 sat:12
DEBUG 2020-06-27 20:00:04,429 :: Running..
DEBUG 2020-06-27 20:00:04,430 :: wifi:0 sat:12
DEBUG 2020-06-27 21:00:04,821 :: Running..
DEBUG 2020-06-27 21:00:04,838 :: wifi:0 sat:12
DEBUG 2020-06-27 22:00:04,524 :: Running..
DEBUG 2020-06-27 22:00:04,524 :: wifi:0 sat:12
DEBUG 2020-06-27 23:00:04,241 :: Running..
DEBUG 2020-06-27 23:00:04,244 :: wifi:0 sat:12
DEBUG 2020-06-28 00:00:04,432 :: Running..
DEBUG 2020-06-28 00:00:04,433 :: wifi:0 sat:12
DEBUG 2020-06-28 01:00:04,464 :: Running..
DEBUG 2020-06-28 01:00:04,466 :: wifi:0 sat:12
DEBUG 2020-06-28 02:00:04,484 :: Running..
DEBUG 2020-06-28 02:00:04,485 :: wifi:0 sat:12
DEBUG 2020-06-28 03:00:04,505 :: Running..
DEBUG 2020-06-28 03:00:04,507 :: wifi:0 sat:12
DEBUG 2020-06-28 04:00:04,583 :: Running..
DEBUG 2020-06-28 04:00:04,584 :: wifi:0 sat:12
DEBUG 2020-06-28 05:00:03,815 :: Running..
DEBUG 2020-06-28 05:00:03,816 :: wifi:0 sat:12
DEBUG 2020-06-28 06:00:04,716 :: Running..
DEBUG 2020-06-28 06:00:04,718 :: wifi:0 sat:12
DEBUG 2020-06-28 07:00:05,561 :: Running..
DEBUG 2020-06-28 07:00:05,570 :: wifi:0 sat:12
DEBUG 2020-06-28 08:00:03,200 :: Running..
DEBUG 2020-06-28 08:00:03,200 :: wifi:0 sat:12
DEBUG 2020-06-28 09:00:03,104 :: Running..
DEBUG 2020-06-28 09:00:03,105 :: wifi:0 sat:12
DEBUG 2020-06-28 10:00:02,819 :: Running..
DEBUG 2020-06-28 10:00:02,819 :: wifi:0 sat:12
DEBUG 2020-06-28 11:00:03,573 :: Running..
DEBUG 2020-06-28 11:00:03,573 :: wifi:0 sat:12
DEBUG 2020-06-28 12:00:02,628 :: Running..
DEBUG 2020-06-28 12:00:02,633 :: wifi:0 sat:12
DEBUG 2020-06-28 13:00:02,722 :: Running..
DEBUG 2020-06-28 13:00:02,722 :: wifi:0 sat:12
DEBUG 2020-06-28 14:00:02,835 :: Running..
DEBUG 2020-06-28 14:00:02,836 :: wifi:0 sat:12
DEBUG 2020-06-28 15:00:02,943 :: Running..
DEBUG 2020-06-28 15:00:02,944 :: wifi:0 sat:12
DEBUG 2020-06-28 16:00:03,062 :: Running..
DEBUG 2020-06-28 16:00:03,062 :: wifi:0 sat:12
DEBUG 2020-06-28 17:00:03,227 :: Running..
DEBUG 2020-06-28 17:00:03,227 :: wifi:0 sat:12
DEBUG 2020-06-28 18:00:03,035 :: Running..
DEBUG 2020-06-28 18:00:03,040 :: wifi:0 sat:12
DEBUG 2020-06-28 19:00:03,019 :: Running..
DEBUG 2020-06-28 19:00:03,019 :: wifi:0 sat:12
DEBUG 2020-06-28 20:00:02,988 :: Running..
DEBUG 2020-06-28 20:00:02,989 :: wifi:0 sat:12
DEBUG 2020-06-28 21:00:03,051 :: Running..
DEBUG 2020-06-28 21:00:03,052 :: wifi:0 sat:12
DEBUG 2020-06-28 22:00:03,119 :: Running..
DEBUG 2020-06-28 22:00:03,119 :: wifi:0 sat:12
DEBUG 2020-06-28 23:00:03,144 :: Running..
DEBUG 2020-06-28 23:00:03,145 :: wifi:0 sat:12
DEBUG 2020-06-29 00:00:03,181 :: Running..
DEBUG 2020-06-29 00:00:03,182 :: wifi:0 sat:12
DEBUG 2020-06-29 01:00:03,232 :: Running..
DEBUG 2020-06-29 01:00:03,233 :: wifi:0 sat:12
DEBUG 2020-06-29 02:00:03,297 :: Running..
DEBUG 2020-06-29 02:00:03,297 :: wifi:0 sat:12
DEBUG 2020-06-29 03:00:03,367 :: Running..
DEBUG 2020-06-29 03:00:03,367 :: wifi:0 sat:12
DEBUG 2020-06-29 04:00:03,488 :: Running..
DEBUG 2020-06-29 04:00:03,488 :: wifi:0 sat:12
DEBUG 2020-06-29 05:00:03,690 :: Running..
DEBUG 2020-06-29 05:00:03,690 :: wifi:0 sat:12
DEBUG 2020-06-29 06:00:03,003 :: Running..
DEBUG 2020-06-29 06:00:03,003 :: wifi:0 sat:12
DEBUG 2020-06-29 07:00:02,982 :: Running..
DEBUG 2020-06-29 07:00:02,983 :: wifi:0 sat:12
DEBUG 2020-06-29 08:00:06,318 :: Running..
DEBUG 2020-06-29 08:00:06,323 :: wifi:0 sat:12
DEBUG 2020-06-29 09:00:05,048 :: Running..
DEBUG 2020-06-29 09:00:05,054 :: wifi:0 sat:12
DEBUG 2020-06-29 10:00:04,963 :: Running..
DEBUG 2020-06-29 10:00:04,966 :: wifi:0 sat:12
DEBUG 2020-06-29 11:00:03,606 :: Running..
DEBUG 2020-06-29 11:00:03,617 :: wifi:0 sat:12
DEBUG 2020-06-29 12:00:02,695 :: Running..
DEBUG 2020-06-29 12:00:02,695 :: wifi:0 sat:12
DEBUG 2020-06-29 13:00:02,728 :: Running..
DEBUG 2020-06-29 13:00:02,729 :: wifi:0 sat:12
DEBUG 2020-06-29 14:00:02,781 :: Running..
DEBUG 2020-06-29 14:00:02,781 :: wifi:0 sat:12
DEBUG 2020-06-29 15:00:02,884 :: Running..
DEBUG 2020-06-29 15:00:02,884 :: wifi:0 sat:12
DEBUG 2020-06-29 16:00:03,001 :: Running..
DEBUG 2020-06-29 16:00:03,001 :: wifi:0 sat:12
DEBUG 2020-06-29 17:00:03,101 :: Running..
DEBUG 2020-06-29 17:00:03,102 :: wifi:0 sat:12
DEBUG 2020-06-29 18:00:03,224 :: Running..
DEBUG 2020-06-29 18:00:03,225 :: wifi:0 sat:12
DEBUG 2020-06-29 19:00:03,373 :: Running..
DEBUG 2020-06-29 19:00:03,374 :: wifi:0 sat:12
DEBUG 2020-06-29 20:00:03,535 :: Running..
DEBUG 2020-06-29 20:00:03,536 :: wifi:0 sat:12
DEBUG 2020-06-29 21:00:03,813 :: Running..
DEBUG 2020-06-29 21:00:03,814 :: wifi:0 sat:12
DEBUG 2020-06-29 22:00:03,088 :: Running..
DEBUG 2020-06-29 22:00:03,089 :: wifi:0 sat:12
DEBUG 2020-06-29 23:00:03,311 :: Running..
DEBUG 2020-06-29 23:00:03,311 :: wifi:0 sat:12
DEBUG 2020-06-30 00:00:03,571 :: Running..
DEBUG 2020-06-30 00:00:03,572 :: wifi:0 sat:12
DEBUG 2020-06-30 01:00:02,986 :: Running..
DEBUG 2020-06-30 01:00:02,987 :: wifi:0 sat:12
DEBUG 2020-06-30 02:00:03,257 :: Running..
DEBUG 2020-06-30 02:00:03,257 :: wifi:0 sat:12
DEBUG 2020-06-30 03:00:03,470 :: Running..
DEBUG 2020-06-30 03:00:03,470 :: wifi:0 sat:12
DEBUG 2020-06-30 04:00:03,678 :: Running..
DEBUG 2020-06-30 04:00:03,679 :: wifi:0 sat:12
DEBUG 2020-06-30 05:00:03,078 :: Running..
DEBUG 2020-06-30 05:00:03,078 :: wifi:0 sat:12
DEBUG 2020-06-30 06:00:03,333 :: Running..
DEBUG 2020-06-30 06:00:03,334 :: wifi:0 sat:12
DEBUG 2020-06-30 07:00:03,352 :: Running..
DEBUG 2020-06-30 07:00:03,355 :: wifi:0 sat:12
DEBUG 2020-06-30 08:00:03,005 :: Running..
DEBUG 2020-06-30 08:00:03,005 :: wifi:0 sat:12
DEBUG 2020-06-30 09:00:03,239 :: Running..
DEBUG 2020-06-30 09:00:03,239 :: wifi:0 sat:12
DEBUG 2020-06-30 10:00:02,700 :: Running..
DEBUG 2020-06-30 10:00:02,701 :: wifi:0 sat:12
DEBUG 2020-06-30 11:00:02,762 :: Running..
DEBUG 2020-06-30 11:00:02,763 :: wifi:0 sat:12
DEBUG 2020-06-30 12:00:02,845 :: Running..
DEBUG 2020-06-30 12:00:02,847 :: wifi:0 sat:12
DEBUG 2020-06-30 13:00:03,170 :: Running..
DEBUG 2020-06-30 13:00:03,171 :: wifi:0 sat:12
DEBUG 2020-06-30 14:00:03,707 :: Running..
DEBUG 2020-06-30 14:00:03,707 :: wifi:0 sat:12
DEBUG 2020-06-30 15:00:02,816 :: Running..
DEBUG 2020-06-30 15:00:02,819 :: wifi:0 sat:12
DEBUG 2020-06-30 16:00:03,098 :: Running..
DEBUG 2020-06-30 16:00:03,100 :: wifi:0 sat:12
DEBUG 2020-06-30 17:00:03,374 :: Running..
DEBUG 2020-06-30 17:00:03,375 :: wifi:0 sat:12
DEBUG 2020-06-30 18:00:03,610 :: Running..
DEBUG 2020-06-30 18:00:03,610 :: wifi:0 sat:12
DEBUG 2020-06-30 19:00:02,877 :: Running..
DEBUG 2020-06-30 19:00:02,879 :: wifi:0 sat:12
DEBUG 2020-06-30 20:00:03,343 :: Running..
DEBUG 2020-06-30 20:00:03,344 :: wifi:0 sat:12
DEBUG 2020-06-30 21:00:03,592 :: Running..
DEBUG 2020-06-30 21:00:03,593 :: wifi:0 sat:12
DEBUG 2020-06-30 22:00:03,890 :: Running..
DEBUG 2020-06-30 22:00:03,891 :: wifi:0 sat:12
DEBUG 2020-06-30 23:00:03,392 :: Running..
DEBUG 2020-06-30 23:00:03,393 :: wifi:0 sat:12
DEBUG 2020-07-01 00:00:03,660 :: Running..
DEBUG 2020-07-01 00:00:03,660 :: wifi:0 sat:12
DEBUG 2020-07-01 01:00:03,313 :: Running..
DEBUG 2020-07-01 01:00:03,314 :: wifi:0 sat:12
DEBUG 2020-07-01 02:00:03,582 :: Running..
DEBUG 2020-07-01 02:00:03,582 :: wifi:0 sat:12
DEBUG 2020-07-01 03:00:04,073 :: Running..
DEBUG 2020-07-01 03:00:04,075 :: wifi:0 sat:12
DEBUG 2020-07-01 04:00:03,520 :: Running..
DEBUG 2020-07-01 04:00:03,521 :: wifi:0 sat:12
DEBUG 2020-07-01 05:00:04,129 :: Running..
DEBUG 2020-07-01 05:00:04,131 :: wifi:0 sat:12
DEBUG 2020-07-01 06:00:03,592 :: Running..
DEBUG 2020-07-01 06:00:03,593 :: wifi:0 sat:12
DEBUG 2020-07-01 07:00:04,093 :: Running..
DEBUG 2020-07-01 07:00:04,094 :: wifi:0 sat:12
DEBUG 2020-07-01 08:00:03,544 :: Running..
DEBUG 2020-07-01 08:00:03,544 :: wifi:0 sat:12
DEBUG 2020-07-01 09:00:04,020 :: Running..
DEBUG 2020-07-01 09:00:04,022 :: wifi:0 sat:12
DEBUG 2020-07-01 10:00:03,782 :: Running..
DEBUG 2020-07-01 10:00:03,784 :: wifi:0 sat:12
DEBUG 2020-07-01 11:00:03,617 :: Running..
DEBUG 2020-07-01 11:00:03,617 :: wifi:0 sat:12
DEBUG 2020-07-01 12:00:02,470 :: Running..
DEBUG 2020-07-01 12:00:02,474 :: wifi:0 sat:12
DEBUG 2020-07-01 13:00:03,164 :: Running..
DEBUG 2020-07-01 13:00:03,164 :: wifi:0 sat:12
